\BOOKMARK [0][-]{chapter.1}{\376\377\000T\036\325\000n\000g\000\040\000q\000u\000a\000n\000\040\000v\036\301\000\040\001\021\036\301\000\040\000t\000\340\000i}{}% 1
\BOOKMARK [1][-]{section.1.1}{\376\377\000B\036\321\000i\000\040\000c\036\243\000n\000h\000\040\000v\000\340\000\040\000t\000\355\000n\000h\000\040\000c\036\245\000p\000\040\000t\000h\000i\036\277\000t\000\040\000c\036\347\000a\000\040\001\021\036\301\000\040\000t\000\340\000i}{chapter.1}% 2
\BOOKMARK [1][-]{section.1.2}{\376\377\000M\036\345\000c\000\040\000t\000i\000\352\000u\000\040\000n\000g\000h\000i\000\352\000n\000\040\000c\036\351\000u}{chapter.1}% 3
\BOOKMARK [1][-]{section.1.3}{\376\377\001\020\036\321\000i\000\040\000t\001\260\036\343\000n\000g\000\040\000v\000\340\000\040\000p\000h\036\241\000m\000\040\000v\000i\000\040\000n\000g\000h\000i\000\352\000n\000\040\000c\036\351\000u}{chapter.1}% 4
\BOOKMARK [1][-]{section.1.4}{\376\377\000P\000h\001\260\001\241\000n\000g\000\040\000p\000h\000\341\000p\000\040\000n\000g\000h\000i\000\352\000n\000\040\000c\036\351\000u}{chapter.1}% 5
\BOOKMARK [1][-]{section.1.5}{\376\377\000\335\000\040\000n\000g\000h\001\051\000a\000\040\000k\000h\000o\000a\000\040\000h\036\315\000c\000\040\000v\000\340\000\040\000t\000h\036\361\000c\000\040\000t\000i\036\305\000n\000\040\000c\036\347\000a\000\040\001\021\036\301\000\040\000t\000\340\000i}{chapter.1}% 6
\BOOKMARK [0][-]{chapter.2}{\376\377\000C\001\241\000\040\000s\036\337\000\040\000l\000\375\000\040\000t\000h\000u\000y\036\277\000t}{}% 7
\BOOKMARK [1][-]{section.2.1}{\376\377\000K\000h\000\341\000i\000\040\000q\000u\000\341\000t\000\040\000v\036\301\000\040\000p\000h\000\342\000n\000\040\000t\000\355\000c\000h\000\040\000d\036\357\000\040\000l\000i\036\307\000u\000\040\000t\000r\000o\000n\000g\000\040\000k\000i\000n\000h\000\040\000d\000o\000a\000n\000h}{chapter.2}% 8
\BOOKMARK [1][-]{section.2.2}{\376\377\000C\000\341\000c\000\040\000l\000o\036\241\000i\000\040\000h\000\354\000n\000h\000\040\000p\000h\000\342\000n\000\040\000t\000\355\000c\000h\000\040\000d\036\357\000\040\000l\000i\036\307\000u\000\040\000t\000r\000o\000n\000g\000\040\000k\000i\000n\000h\000\040\000d\000o\000a\000n\000h}{chapter.2}% 9
\BOOKMARK [1][-]{section.2.3}{\376\377\000D\036\357\000\040\000l\000i\036\307\000u\000\040\000v\000\340\000\040\000t\000i\036\301\000n\000\040\000x\036\355\000\040\000l\000\375\000\040\000d\036\357\000\040\000l\000i\036\307\000u}{chapter.2}% 10
\BOOKMARK [1][-]{section.2.4}{\376\377\000T\000r\036\361\000c\000\040\000q\000u\000a\000n\000\040\000h\000\363\000a\000\040\000d\036\357\000\040\000l\000i\036\307\000u\000\040\000v\000\340\000\040\000B\000u\000s\000i\000n\000e\000s\000s\000\040\000I\000n\000t\000e\000l\000l\000i\000g\000e\000n\000c\000e}{chapter.2}% 11
\BOOKMARK [1][-]{section.2.5}{\376\377\000C\001\241\000\040\000s\036\337\000\040\000l\000\375\000\040\000t\000h\000u\000y\036\277\000t\000\040\000c\036\347\000a\000\040\000c\000\341\000c\000\040\000m\000\364\000\040\000h\000\354\000n\000h\000\040\000n\000g\000h\000i\000\352\000n\000\040\000c\036\351\000u}{chapter.2}% 12
\BOOKMARK [1][-]{section.2.6}{\376\377\000C\000\341\000c\000\040\000c\000h\036\311\000\040\000s\036\321\000\040\001\021\000\341\000n\000h\000\040\000g\000i\000\341\000\040\000m\000\364\000\040\000h\000\354\000n\000h}{chapter.2}% 13
\BOOKMARK [0][-]{chapter.3}{\376\377\000P\000h\000\342\000n\000\040\000t\000\355\000c\000h\000,\000\040\000k\000h\000\341\000m\000\040\000p\000h\000\341\000\040\000d\036\357\000\040\000l\000i\036\307\000u\000\040\000v\000\340\000\040\000t\000r\036\361\000c\000\040\000q\000u\000a\000n\000\040\000h\000\363\000a}{}% 14
\BOOKMARK [1][-]{section.3.1}{\376\377\000T\036\325\000n\000g\000\040\000q\000u\000a\000n\000\040\000b\036\331\000\040\000d\036\357\000\040\000l\000i\036\307\000u\000\040\000v\000\340\000\040\000p\000h\000\342\000n\000\040\000t\000\355\000c\000h\000\040\000k\000h\000\341\000m\000\040\000p\000h\000\341\000\040\000d\036\357\000\040\000l\000i\036\307\000u}{chapter.3}% 15
\BOOKMARK [1][-]{section.3.2}{\376\377\000T\000h\000i\036\277\000t\000\040\000k\036\277\000\040\000v\000\340\000\040\000x\000\342\000y\000\040\000d\036\361\000n\000g\000\040\000d\000a\000s\000h\000b\000o\000a\000r\000d\000\040\000t\000r\000o\000n\000g\000\040\000P\000o\000w\000e\000r\000\040\000B\000I}{chapter.3}% 16
\BOOKMARK [1][-]{section.3.3}{\376\377\000D\000i\036\305\000n\000\040\000g\000i\036\243\000i\000\040\000\375\000\040\000n\000g\000h\001\051\000a\000\040\000b\000i\036\303\000u\000\040\001\021\036\323\000\040\000v\000\340\000\040\000b\036\331\000\040\000l\036\315\000c\000\040\000t\000r\000\352\000n\000\040\000d\000a\000s\000h\000b\000o\000a\000r\000d}{chapter.3}% 17
\BOOKMARK [1][-]{section.3.4}{\376\377\001\020\000\341\000n\000h\000\040\000g\000i\000\341\000\040\000k\000h\036\243\000\040\000n\001\003\000n\000g\000\040\000h\036\327\000\040\000t\000r\036\343\000\040\000p\000h\000\342\000n\000\040\000t\000\355\000c\000h\000\040\000c\036\347\000a\000\040\000d\000a\000s\000h\000b\000o\000a\000r\000d}{chapter.3}% 18
\BOOKMARK [0][-]{chapter.4}{\376\377\000X\000\342\000y\000\040\000d\036\361\000n\000g\000\040\000c\000\341\000c\000\040\000m\000\364\000\040\000h\000\354\000n\000h\000\040\000p\000h\000\342\000n\000\040\000t\000\355\000c\000h\000\040\000d\036\357\000\040\000l\000i\036\307\000u}{}% 19
\BOOKMARK [1][-]{section.4.1}{\376\377\000M\036\345\000c\000\040\000t\000i\000\352\000u\000\040\000x\000\342\000y\000\040\000d\036\361\000n\000g\000\040\000c\000\341\000c\000\040\000m\000\364\000\040\000h\000\354\000n\000h}{chapter.4}% 20
\BOOKMARK [1][-]{section.4.2}{\376\377\000L\036\361\000a\000\040\000c\000h\036\315\000n\000\040\000c\000\341\000c\000\040\000b\000i\036\277\000n\000\040\000p\000h\000\342\000n\000\040\000t\000\355\000c\000h}{chapter.4}% 21
\BOOKMARK [1][-]{section.4.3}{\376\377\000M\000\364\000\040\000h\000\354\000n\000h\000\040\000h\036\323\000i\000\040\000q\000u\000y\000\040\000t\000u\000y\036\277\000n\000\040\000t\000\355\000n\000h\000\040\001\021\000a\000\040\000b\000i\036\277\000n}{chapter.4}% 22
\BOOKMARK [1][-]{section.4.4}{\376\377\000M\000\364\000\040\000h\000\354\000n\000h\000\040\000R\000a\000n\000d\000o\000m\000\040\000F\000o\000r\000e\000s\000t}{chapter.4}% 23
\BOOKMARK [1][-]{section.4.5}{\376\377\000M\000\364\000\040\000h\000\354\000n\000h\000\040\000G\000r\000a\000d\000i\000e\000n\000t\000\040\000B\000o\000o\000s\000t\000i\000n\000g}{chapter.4}% 24
\BOOKMARK [1][-]{section.4.6}{\376\377\000M\000\364\000\040\000h\000\354\000n\000h\000\040\000X\000G\000B\000o\000o\000s\000t}{chapter.4}% 25
\BOOKMARK [1][-]{section.4.7}{\376\377\000M\000\364\000\040\000h\000\354\000n\000h\000\040\000K\000-\000M\000e\000a\000n\000s\000\040\000C\000l\000u\000s\000t\000e\000r\000i\000n\000g}{chapter.4}% 26
\BOOKMARK [0][-]{chapter.5}{\376\377\001\020\000\341\000n\000h\000\040\000g\000i\000\341\000\040\000v\000\340\000\040\000s\000o\000\040\000s\000\341\000n\000h\000\040\000m\000\364\000\040\000h\000\354\000n\000h}{}% 27
\BOOKMARK [1][-]{section.5.1}{\376\377\000S\000o\000\040\000s\000\341\000n\000h\000\040\000h\000i\036\307\000u\000\040\000q\000u\036\243\000\040\000g\000i\036\357\000a\000\040\000c\000\341\000c\000\040\000m\000\364\000\040\000h\000\354\000n\000h}{chapter.5}% 28
\BOOKMARK [1][-]{section.5.2}{\376\377\000L\036\361\000a\000\040\000c\000h\036\315\000n\000\040\000m\000\364\000\040\000h\000\354\000n\000h\000\040\000p\000h\000\371\000\040\000h\036\343\000p}{chapter.5}% 29
\BOOKMARK [1][-]{section.5.3}{\376\377\000\335\000\040\000n\000g\000h\001\051\000a\000\040\000t\000h\036\361\000c\000\040\000t\000i\036\305\000n\000\040\000c\036\347\000a\000\040\000k\036\277\000t\000\040\000q\000u\036\243\000\040\000m\000\364\000\040\000h\000\354\000n\000h}{chapter.5}% 30
\BOOKMARK [0][-]{chapter.6}{\376\377\000K\036\277\000t\000\040\000l\000u\036\255\000n\000\040\000v\000\340\000\040\000h\001\260\036\333\000n\000g\000\040\000p\000h\000\341\000t\000\040\000t\000r\000i\036\303\000n}{}% 31
\BOOKMARK [1][-]{section.6.1}{\376\377\000K\036\277\000t\000\040\000l\000u\036\255\000n\000\040\000c\000h\000u\000n\000g}{chapter.6}% 32
\BOOKMARK [1][-]{section.6.2}{\376\377\000N\000h\036\357\000n\000g\000\040\000k\036\277\000t\000\040\000q\000u\036\243\000\040\001\021\036\241\000t\000\040\001\021\001\260\036\343\000c}{chapter.6}% 33
\BOOKMARK [1][-]{section.6.3}{\376\377\000H\036\241\000n\000\040\000c\000h\036\277\000\040\000t\036\323\000n\000\040\001\021\036\315\000n\000g\000\040\000c\036\347\000a\000\040\001\021\036\301\000\040\000t\000\340\000i}{chapter.6}% 34
\BOOKMARK [1][-]{section.6.4}{\376\377\000H\001\260\036\333\000n\000g\000\040\000p\000h\000\341\000t\000\040\000t\000r\000i\036\303\000n\000\040\000t\000r\000o\000n\000g\000\040\000t\001\260\001\241\000n\000g\000\040\000l\000a\000i}{chapter.6}% 35
\BOOKMARK [0][-]{chapter*.113}{\376\377\000P\000h\036\345\000\040\000l\036\345\000c}{}% 36
\BOOKMARK [0][-]{section*.114}{\376\377\000T\000\340\000i\000\040\000l\000i\036\307\000u\000\040\000t\000h\000a\000m\000\040\000k\000h\036\243\000o}{}% 37
