This is pdfTeX, Version 3.141592653-2.6-1.40.28 (MiKTeX 25.12) (preloaded format=pdflatex 2026.3.28)  4 JUN 2026 17:14
entering extended mode
 \write18 enabled.
 %&-line parsing enabled.
**./main.tex
(main.tex
LaTeX2e <2025-11-01>
L3 programming layer <2025-12-24>
(C:\Users\Admin\AppData\Local\Programs\MiKTeX\tex/latex/base\book.cls
Document Class: book 2025/01/22 v1.4n Standard LaTeX document class
(C:\Users\Admin\AppData\Local\Programs\MiKTeX\tex/latex/base\bk10.clo
File: bk10.clo 2025/01/22 v1.4n Standard LaTeX file (size option)
)
\c@part=\count275
\c@chapter=\count276
\c@section=\count277
\c@subsection=\count278
\c@subsubsection=\count279
\c@paragraph=\count280
\c@subparagraph=\count281
\c@figure=\count282
\c@table=\count283
\abovecaptionskip=\skip49
\belowcaptionskip=\skip50
\bibindent=\dimen148
)
(C:\Users\Admin\AppData\Local\Programs\MiKTeX\tex/latex/tools\array.sty
Package: array 2025/09/25 v2.6n Tabular extension package (FMi)
\col@sep=\dimen149
\ar@mcellbox=\box53
\extrarowheight=\dimen150
\NC@list=\toks17
\extratabsurround=\skip51
\backup@length=\skip52
\ar@cellbox=\box54
)
(C:\Users\Admin\AppData\Local\Programs\MiKTeX\tex/latex/multirow\multirow.sty
Package: multirow 2024/11/12 v2.9 Span multiple rows of a table
\multirow@colwidth=\skip53
\multirow@cntb=\count284
\multirow@dima=\skip54
\bigstrutjot=\dimen151
)
(C:\Users\Admin\AppData\Local\Programs\MiKTeX\tex/latex/tools\tabularx.sty
Package: tabularx 2023/12/11 v2.12a `tabularx' package (DPC)
\TX@col@width=\dimen152
\TX@old@table=\dimen153
\TX@old@col=\dimen154
\TX@target=\dimen155
\TX@delta=\dimen156
\TX@cols=\count285
\TX@ftn=\toks18
)
(C:\Users\Admin\AppData\Local\Programs\MiKTeX\tex/latex/microtype\microtype.sty
Package: microtype 2026/03/01 v3.2d Micro-typographical refinements (RS)
(C:\Users\Admin\AppData\Local\Programs\MiKTeX\tex/latex/graphics\keyval.sty
Package: keyval 2022/05/29 v1.15 key=value parser (DPC)
\KV@toks@=\toks19
)
(C:\Users\Admin\AppData\Local\Programs\MiKTeX\tex/latex/etoolbox\etoolbox.sty
Package: etoolbox 2025/10/02 v2.5m e-TeX tools for LaTeX (JAW)
\etb@tempcnta=\count286
)
\MT@toks=\toks20
\MT@tempbox=\box55
\MT@count=\count287
LaTeX Info: Redefining \noprotrusionifhmode on input line 1084.
LaTeX Info: Redefining \leftprotrusion on input line 1085.
\MT@prot@toks=\toks21
LaTeX Info: Redefining \rightprotrusion on input line 1104.
LaTeX Info: Redefining \textls on input line 1449.
\MT@outer@kern=\dimen157
LaTeX Info: Redefining \microtypecontext on input line 2053.
LaTeX Info: Redefining \textmicrotypecontext on input line 2070.
\MT@listname@count=\count288

(C:\Users\Admin\AppData\Local\Programs\MiKTeX\tex/latex/microtype\microtype-pdf
tex.def
File: microtype-pdftex.def 2026/03/01 v3.2d Definitions specific to pdftex (RS)

LaTeX Info: Redefining \lsstyle on input line 944.
LaTeX Info: Redefining \lslig on input line 944.
\MT@outer@space=\skip55
)
Package microtype Info: Loading configuration file microtype.cfg.

(C:\Users\Admin\AppData\Local\Programs\MiKTeX\tex/latex/microtype\microtype.cfg
File: microtype.cfg 2026/03/01 v3.2d microtype main configuration file (RS)
)
LaTeX Info: Redefining \microtypesetup on input line 3065.
) (C:\Users\Admin\AppData\Local\Programs\MiKTeX\tex/latex/cite\cite.sty
LaTeX Info: Redefining \cite on input line 302.
LaTeX Info: Redefining \nocite on input line 332.
Package: cite 2015/02/27  v 5.5
)
(C:\Users\Admin\AppData\Local\Programs\MiKTeX\tex/latex/tools\indentfirst.sty
Package: indentfirst 2023/07/02 v1.03 Indent first paragraph (DPC)
)
(C:\Users\Admin\AppData\Local\Programs\MiKTeX\tex/latex/enumitem\enumitem.sty
Package: enumitem 2025/02/06 v3.11 Customized lists
\labelindent=\skip56
\enit@outerparindent=\dimen158
\enit@toks=\toks22
\enit@inbox=\box56
\enit@count@id=\count289
\enitdp@description=\count290
)
(C:\Users\Admin\AppData\Local\Programs\MiKTeX\tex/latex/float\float.sty
Package: float 2001/11/08 v1.3d Float enhancements (AL)
\c@float@type=\count291
\float@exts=\toks23
\float@box=\box57
\@float@everytoks=\toks24
\@floatcapt=\box58
)
(C:\Users\Admin\AppData\Local\Programs\MiKTeX\tex/latex/graphics\graphicx.sty
Package: graphicx 2024/12/31 v1.2e Enhanced LaTeX Graphics (DPC,SPQR)

(C:\Users\Admin\AppData\Local\Programs\MiKTeX\tex/latex/graphics\graphics.sty
Package: graphics 2024/08/06 v1.4g Standard LaTeX Graphics (DPC,SPQR)

(C:\Users\Admin\AppData\Local\Programs\MiKTeX\tex/latex/graphics\trig.sty
Package: trig 2023/12/02 v1.11 sin cos tan (DPC)
)
(C:\Users\Admin\AppData\Local\Programs\MiKTeX\tex/latex/graphics-cfg\graphics.c
fg
File: graphics.cfg 2016/06/04 v1.11 sample graphics configuration
)
Package graphics Info: Driver file: pdftex.def on input line 106.

(C:\Users\Admin\AppData\Local\Programs\MiKTeX\tex/latex/graphics-def\pdftex.def
File: pdftex.def 2025/09/29 v1.2d Graphics/color driver for pdftex
))
\Gin@req@height=\dimen159
\Gin@req@width=\dimen160
) (C:\Users\Admin\AppData\Local\Programs\MiKTeX\tex/latex/wrapfig\wrapfig.sty
\wrapoverhang=\dimen161
\WF@size=\dimen162
\c@WF@wrappedlines=\count292
\WF@box=\box59
\WF@everypar=\toks25
Package: wrapfig 2003/01/31  v 3.6
)
(C:\Users\Admin\AppData\Local\Programs\MiKTeX\tex/latex/pgf/frontendlayer\tikz.
sty
(C:\Users\Admin\AppData\Local\Programs\MiKTeX\tex/latex/pgf/basiclayer\pgf.sty
(C:\Users\Admin\AppData\Local\Programs\MiKTeX\tex/latex/pgf/utilities\pgfrcs.st
y
(C:\Users\Admin\AppData\Local\Programs\MiKTeX\tex/generic/pgf/utilities\pgfutil
-common.tex
\pgfutil@everybye=\toks26
\pgfutil@tempdima=\dimen163
\pgfutil@tempdimb=\dimen164
)
(C:\Users\Admin\AppData\Local\Programs\MiKTeX\tex/generic/pgf/utilities\pgfutil
-latex.def
\pgfutil@abb=\box60
)
(C:\Users\Admin\AppData\Local\Programs\MiKTeX\tex/generic/pgf/utilities\pgfrcs.
code.tex
(C:\Users\Admin\AppData\Local\Programs\MiKTeX\tex/generic/pgf\pgf.revision.tex)
Package: pgfrcs 2025-08-29 v3.1.11a (3.1.11a)
))
Package: pgf 2025-08-29 v3.1.11a (3.1.11a)

(C:\Users\Admin\AppData\Local\Programs\MiKTeX\tex/latex/pgf/basiclayer\pgfcore.
sty
(C:\Users\Admin\AppData\Local\Programs\MiKTeX\tex/latex/pgf/systemlayer\pgfsys.
sty
(C:\Users\Admin\AppData\Local\Programs\MiKTeX\tex/generic/pgf/systemlayer\pgfsy
s.code.tex
Package: pgfsys 2025-08-29 v3.1.11a (3.1.11a)

(C:\Users\Admin\AppData\Local\Programs\MiKTeX\tex/generic/pgf/utilities\pgfkeys
.code.tex
\pgfkeys@pathtoks=\toks27
\pgfkeys@temptoks=\toks28

(C:\Users\Admin\AppData\Local\Programs\MiKTeX\tex/generic/pgf/utilities\pgfkeys
libraryfiltered.code.tex
\pgfkeys@tmptoks=\toks29
))
\pgf@x=\dimen165
\pgf@y=\dimen166
\pgf@xa=\dimen167
\pgf@ya=\dimen168
\pgf@xb=\dimen169
\pgf@yb=\dimen170
\pgf@xc=\dimen171
\pgf@yc=\dimen172
\pgf@xd=\dimen173
\pgf@yd=\dimen174
\w@pgf@writea=\write3
\r@pgf@reada=\read2
\c@pgf@counta=\count293
\c@pgf@countb=\count294
\c@pgf@countc=\count295
\c@pgf@countd=\count296
\t@pgf@toka=\toks30
\t@pgf@tokb=\toks31
\t@pgf@tokc=\toks32
\pgf@sys@id@count=\count297

(C:\Users\Admin\AppData\Local\Programs\MiKTeX\tex/generic/pgf/systemlayer\pgf.c
fg
File: pgf.cfg 2025-08-29 v3.1.11a (3.1.11a)
)
Driver file for pgf: pgfsys-pdftex.def

(C:\Users\Admin\AppData\Local\Programs\MiKTeX\tex/generic/pgf/systemlayer\pgfsy
s-pdftex.def
File: pgfsys-pdftex.def 2025-08-29 v3.1.11a (3.1.11a)

(C:\Users\Admin\AppData\Local\Programs\MiKTeX\tex/generic/pgf/systemlayer\pgfsy
s-common-pdf.def
File: pgfsys-common-pdf.def 2025-08-29 v3.1.11a (3.1.11a)
)))
(C:\Users\Admin\AppData\Local\Programs\MiKTeX\tex/generic/pgf/systemlayer\pgfsy
ssoftpath.code.tex
File: pgfsyssoftpath.code.tex 2025-08-29 v3.1.11a (3.1.11a)
\pgfsyssoftpath@smallbuffer@items=\count298
\pgfsyssoftpath@bigbuffer@items=\count299
)
(C:\Users\Admin\AppData\Local\Programs\MiKTeX\tex/generic/pgf/systemlayer\pgfsy
sprotocol.code.tex
File: pgfsysprotocol.code.tex 2025-08-29 v3.1.11a (3.1.11a)
))
(C:\Users\Admin\AppData\Local\Programs\MiKTeX\tex/latex/xcolor\xcolor.sty
Package: xcolor 2024/09/29 v3.02 LaTeX color extensions (UK)

(C:\Users\Admin\AppData\Local\Programs\MiKTeX\tex/latex/graphics-cfg\color.cfg
File: color.cfg 2016/01/02 v1.6 sample color configuration
)
Package xcolor Info: Driver file: pdftex.def on input line 274.
(C:\Users\Admin\AppData\Local\Programs\MiKTeX\tex/latex/graphics\mathcolor.ltx)
Package xcolor Info: Model `cmy' substituted by `cmy0' on input line 1349.
Package xcolor Info: Model `hsb' substituted by `rgb' on input line 1353.
Package xcolor Info: Model `RGB' extended on input line 1365.
Package xcolor Info: Model `HTML' substituted by `rgb' on input line 1367.
Package xcolor Info: Model `Hsb' substituted by `hsb' on input line 1368.
Package xcolor Info: Model `tHsb' substituted by `hsb' on input line 1369.
Package xcolor Info: Model `HSB' substituted by `hsb' on input line 1370.
Package xcolor Info: Model `Gray' substituted by `gray' on input line 1371.
Package xcolor Info: Model `wave' substituted by `hsb' on input line 1372.
)
(C:\Users\Admin\AppData\Local\Programs\MiKTeX\tex/generic/pgf/basiclayer\pgfcor
e.code.tex
Package: pgfcore 2025-08-29 v3.1.11a (3.1.11a)

(C:\Users\Admin\AppData\Local\Programs\MiKTeX\tex/generic/pgf/math\pgfmath.code
.tex
(C:\Users\Admin\AppData\Local\Programs\MiKTeX\tex/generic/pgf/math\pgfmathutil.
code.tex)
(C:\Users\Admin\AppData\Local\Programs\MiKTeX\tex/generic/pgf/math\pgfmathparse
r.code.tex
\pgfmath@dimen=\dimen175
\pgfmath@count=\count300
\pgfmath@box=\box61
\pgfmath@toks=\toks33
\pgfmath@stack@operand=\toks34
\pgfmath@stack@operation=\toks35
)
(C:\Users\Admin\AppData\Local\Programs\MiKTeX\tex/generic/pgf/math\pgfmathfunct
ions.code.tex)
(C:\Users\Admin\AppData\Local\Programs\MiKTeX\tex/generic/pgf/math\pgfmathfunct
ions.basic.code.tex)
(C:\Users\Admin\AppData\Local\Programs\MiKTeX\tex/generic/pgf/math\pgfmathfunct
ions.trigonometric.code.tex)
(C:\Users\Admin\AppData\Local\Programs\MiKTeX\tex/generic/pgf/math\pgfmathfunct
ions.random.code.tex)
(C:\Users\Admin\AppData\Local\Programs\MiKTeX\tex/generic/pgf/math\pgfmathfunct
ions.comparison.code.tex)
(C:\Users\Admin\AppData\Local\Programs\MiKTeX\tex/generic/pgf/math\pgfmathfunct
ions.base.code.tex)
(C:\Users\Admin\AppData\Local\Programs\MiKTeX\tex/generic/pgf/math\pgfmathfunct
ions.round.code.tex)
(C:\Users\Admin\AppData\Local\Programs\MiKTeX\tex/generic/pgf/math\pgfmathfunct
ions.misc.code.tex)
(C:\Users\Admin\AppData\Local\Programs\MiKTeX\tex/generic/pgf/math\pgfmathfunct
ions.integerarithmetics.code.tex)
(C:\Users\Admin\AppData\Local\Programs\MiKTeX\tex/generic/pgf/math\pgfmathcalc.
code.tex)
(C:\Users\Admin\AppData\Local\Programs\MiKTeX\tex/generic/pgf/math\pgfmathfloat
.code.tex
\c@pgfmathroundto@lastzeros=\count301
))
(C:\Users\Admin\AppData\Local\Programs\MiKTeX\tex/generic/pgf/math\pgfint.code.
tex)
(C:\Users\Admin\AppData\Local\Programs\MiKTeX\tex/generic/pgf/basiclayer\pgfcor
epoints.code.tex
File: pgfcorepoints.code.tex 2025-08-29 v3.1.11a (3.1.11a)
\pgf@picminx=\dimen176
\pgf@picmaxx=\dimen177
\pgf@picminy=\dimen178
\pgf@picmaxy=\dimen179
\pgf@pathminx=\dimen180
\pgf@pathmaxx=\dimen181
\pgf@pathminy=\dimen182
\pgf@pathmaxy=\dimen183
\pgf@xx=\dimen184
\pgf@xy=\dimen185
\pgf@yx=\dimen186
\pgf@yy=\dimen187
\pgf@zx=\dimen188
\pgf@zy=\dimen189
)
(C:\Users\Admin\AppData\Local\Programs\MiKTeX\tex/generic/pgf/basiclayer\pgfcor
epathconstruct.code.tex
File: pgfcorepathconstruct.code.tex 2025-08-29 v3.1.11a (3.1.11a)
\pgf@path@lastx=\dimen190
\pgf@path@lasty=\dimen191
)
(C:\Users\Admin\AppData\Local\Programs\MiKTeX\tex/generic/pgf/basiclayer\pgfcor
epathusage.code.tex
File: pgfcorepathusage.code.tex 2025-08-29 v3.1.11a (3.1.11a)
\pgf@shorten@end@additional=\dimen192
\pgf@shorten@start@additional=\dimen193
)
(C:\Users\Admin\AppData\Local\Programs\MiKTeX\tex/generic/pgf/basiclayer\pgfcor
escopes.code.tex
File: pgfcorescopes.code.tex 2025-08-29 v3.1.11a (3.1.11a)
\pgfpic=\box62
\pgf@hbox=\box63
\pgf@layerbox@main=\box64
\pgf@picture@serial@count=\count302
)
(C:\Users\Admin\AppData\Local\Programs\MiKTeX\tex/generic/pgf/basiclayer\pgfcor
egraphicstate.code.tex
File: pgfcoregraphicstate.code.tex 2025-08-29 v3.1.11a (3.1.11a)
\pgflinewidth=\dimen194
)
(C:\Users\Admin\AppData\Local\Programs\MiKTeX\tex/generic/pgf/basiclayer\pgfcor
etransformations.code.tex
File: pgfcoretransformations.code.tex 2025-08-29 v3.1.11a (3.1.11a)
\pgf@pt@x=\dimen195
\pgf@pt@y=\dimen196
\pgf@pt@temp=\dimen197
)
(C:\Users\Admin\AppData\Local\Programs\MiKTeX\tex/generic/pgf/basiclayer\pgfcor
equick.code.tex
File: pgfcorequick.code.tex 2025-08-29 v3.1.11a (3.1.11a)
)
(C:\Users\Admin\AppData\Local\Programs\MiKTeX\tex/generic/pgf/basiclayer\pgfcor
eobjects.code.tex
File: pgfcoreobjects.code.tex 2025-08-29 v3.1.11a (3.1.11a)
)
(C:\Users\Admin\AppData\Local\Programs\MiKTeX\tex/generic/pgf/basiclayer\pgfcor
epathprocessing.code.tex
File: pgfcorepathprocessing.code.tex 2025-08-29 v3.1.11a (3.1.11a)
)
(C:\Users\Admin\AppData\Local\Programs\MiKTeX\tex/generic/pgf/basiclayer\pgfcor
earrows.code.tex
File: pgfcorearrows.code.tex 2025-08-29 v3.1.11a (3.1.11a)
\pgfarrowsep=\dimen198
)
(C:\Users\Admin\AppData\Local\Programs\MiKTeX\tex/generic/pgf/basiclayer\pgfcor
eshade.code.tex
File: pgfcoreshade.code.tex 2025-08-29 v3.1.11a (3.1.11a)
\pgf@max=\dimen199
\pgf@sys@shading@range@num=\count303
\pgf@shadingcount=\count304
)
(C:\Users\Admin\AppData\Local\Programs\MiKTeX\tex/generic/pgf/basiclayer\pgfcor
eimage.code.tex
File: pgfcoreimage.code.tex 2025-08-29 v3.1.11a (3.1.11a)
)
(C:\Users\Admin\AppData\Local\Programs\MiKTeX\tex/generic/pgf/basiclayer\pgfcor
eexternal.code.tex
File: pgfcoreexternal.code.tex 2025-08-29 v3.1.11a (3.1.11a)
\pgfexternal@startupbox=\box65
)
(C:\Users\Admin\AppData\Local\Programs\MiKTeX\tex/generic/pgf/basiclayer\pgfcor
elayers.code.tex
File: pgfcorelayers.code.tex 2025-08-29 v3.1.11a (3.1.11a)
)
(C:\Users\Admin\AppData\Local\Programs\MiKTeX\tex/generic/pgf/basiclayer\pgfcor
etransparency.code.tex
File: pgfcoretransparency.code.tex 2025-08-29 v3.1.11a (3.1.11a)
)
(C:\Users\Admin\AppData\Local\Programs\MiKTeX\tex/generic/pgf/basiclayer\pgfcor
epatterns.code.tex
File: pgfcorepatterns.code.tex 2025-08-29 v3.1.11a (3.1.11a)
)
(C:\Users\Admin\AppData\Local\Programs\MiKTeX\tex/generic/pgf/basiclayer\pgfcor
erdf.code.tex
File: pgfcorerdf.code.tex 2025-08-29 v3.1.11a (3.1.11a)
)))
(C:\Users\Admin\AppData\Local\Programs\MiKTeX\tex/generic/pgf/modules\pgfmodule
shapes.code.tex
File: pgfmoduleshapes.code.tex 2025-08-29 v3.1.11a (3.1.11a)
\pgfnodeparttextbox=\box66
)
(C:\Users\Admin\AppData\Local\Programs\MiKTeX\tex/generic/pgf/modules\pgfmodule
plot.code.tex
File: pgfmoduleplot.code.tex 2025-08-29 v3.1.11a (3.1.11a)
)
(C:\Users\Admin\AppData\Local\Programs\MiKTeX\tex/latex/pgf/compatibility\pgfco
mp-version-0-65.sty
Package: pgfcomp-version-0-65 2025-08-29 v3.1.11a (3.1.11a)
\pgf@nodesepstart=\dimen256
\pgf@nodesepend=\dimen257
)
(C:\Users\Admin\AppData\Local\Programs\MiKTeX\tex/latex/pgf/compatibility\pgfco
mp-version-1-18.sty
Package: pgfcomp-version-1-18 2025-08-29 v3.1.11a (3.1.11a)
))
(C:\Users\Admin\AppData\Local\Programs\MiKTeX\tex/latex/pgf/utilities\pgffor.st
y
(C:\Users\Admin\AppData\Local\Programs\MiKTeX\tex/latex/pgf/utilities\pgfkeys.s
ty
(C:\Users\Admin\AppData\Local\Programs\MiKTeX\tex/generic/pgf/utilities\pgfkeys
.code.tex))
(C:\Users\Admin\AppData\Local\Programs\MiKTeX\tex/latex/pgf/math\pgfmath.sty
(C:\Users\Admin\AppData\Local\Programs\MiKTeX\tex/generic/pgf/math\pgfmath.code
.tex))
(C:\Users\Admin\AppData\Local\Programs\MiKTeX\tex/generic/pgf/utilities\pgffor.
code.tex
Package: pgffor 2025-08-29 v3.1.11a (3.1.11a)
\pgffor@iter=\dimen258
\pgffor@skip=\dimen259
\pgffor@stack=\toks36
\pgffor@toks=\toks37
))
(C:\Users\Admin\AppData\Local\Programs\MiKTeX\tex/generic/pgf/frontendlayer/tik
z\tikz.code.tex
Package: tikz 2025-08-29 v3.1.11a (3.1.11a)

(C:\Users\Admin\AppData\Local\Programs\MiKTeX\tex/generic/pgf/libraries\pgflibr
aryplothandlers.code.tex
File: pgflibraryplothandlers.code.tex 2025-08-29 v3.1.11a (3.1.11a)
\pgf@plot@mark@count=\count305
\pgfplotmarksize=\dimen260
)
\tikz@lastx=\dimen261
\tikz@lasty=\dimen262
\tikz@lastxsaved=\dimen263
\tikz@lastysaved=\dimen264
\tikz@lastmovetox=\dimen265
\tikz@lastmovetoy=\dimen266
\tikzleveldistance=\dimen267
\tikzsiblingdistance=\dimen268
\tikz@figbox=\box67
\tikz@figbox@bg=\box68
\tikz@tempbox=\box69
\tikz@tempbox@bg=\box70
\tikztreelevel=\count306
\tikznumberofchildren=\count307
\tikznumberofcurrentchild=\count308
\tikz@fig@count=\count309

(C:\Users\Admin\AppData\Local\Programs\MiKTeX\tex/generic/pgf/modules\pgfmodule
matrix.code.tex
File: pgfmodulematrix.code.tex 2025-08-29 v3.1.11a (3.1.11a)
\pgfmatrixcurrentrow=\count310
\pgfmatrixcurrentcolumn=\count311
\pgf@matrix@numberofcolumns=\count312
)
\tikz@expandcount=\count313

(C:\Users\Admin\AppData\Local\Programs\MiKTeX\tex/generic/pgf/frontendlayer/tik
z/libraries\tikzlibrarytopaths.code.tex
File: tikzlibrarytopaths.code.tex 2025-08-29 v3.1.11a (3.1.11a)
)))
(C:\Users\Admin\AppData\Local\Programs\MiKTeX\tex/generic/pgf/frontendlayer/tik
z/libraries\tikzlibrarypatterns.code.tex
File: tikzlibrarypatterns.code.tex 2025-08-29 v3.1.11a (3.1.11a)

(C:\Users\Admin\AppData\Local\Programs\MiKTeX\tex/generic/pgf/libraries\pgflibr
arypatterns.code.tex
File: pgflibrarypatterns.code.tex 2025-08-29 v3.1.11a (3.1.11a)
))
(C:\Users\Admin\AppData\Local\Programs\MiKTeX\tex/latex/listings\listings.sty
\lst@mode=\count314
\lst@gtempboxa=\box71
\lst@token=\toks38
\lst@length=\count315
\lst@currlwidth=\dimen269
\lst@column=\count316
\lst@pos=\count317
\lst@lostspace=\dimen270
\lst@width=\dimen271
\lst@newlines=\count318
\lst@lineno=\count319
\lst@maxwidth=\dimen272

(C:\Users\Admin\AppData\Local\Programs\MiKTeX\tex/latex/listings\lstpatch.sty
File: lstpatch.sty 2025/11/14 1.11b (Carsten Heinz)
)
(C:\Users\Admin\AppData\Local\Programs\MiKTeX\tex/latex/listings\lstmisc.sty
File: lstmisc.sty 2025/11/14 1.11b (Carsten Heinz)
\c@lstnumber=\count320
\lst@skipnumbers=\count321
\lst@framebox=\box72
)
(C:\Users\Admin\AppData\Local\Programs\MiKTeX\tex/latex/listings\listings.cfg
File: listings.cfg 2025/11/14 1.11b listings configuration
))
Package: listings 2025/11/14 1.11b (Carsten Heinz)
==> First Aid for listings.sty no longer applied!
    Expected:
        2024/09/23 1.10c (Carsten Heinz)
    but found:
        2025/11/14 1.11b (Carsten Heinz)
    so I'm assuming it got fixed.
(C:\Users\Admin\AppData\Local\Programs\MiKTeX\tex/latex/amsmath\amsmath.sty
Package: amsmath 2025/07/09 v2.17z AMS math features
\@mathmargin=\skip57

For additional information on amsmath, use the `?' option.
(C:\Users\Admin\AppData\Local\Programs\MiKTeX\tex/latex/amsmath\amstext.sty
Package: amstext 2024/11/17 v2.01 AMS text

(C:\Users\Admin\AppData\Local\Programs\MiKTeX\tex/latex/amsmath\amsgen.sty
File: amsgen.sty 1999/11/30 v2.0 generic functions
\@emptytoks=\toks39
\ex@=\dimen273
))
(C:\Users\Admin\AppData\Local\Programs\MiKTeX\tex/latex/amsmath\amsbsy.sty
Package: amsbsy 1999/11/29 v1.2d Bold Symbols
\pmbraise@=\dimen274
)
(C:\Users\Admin\AppData\Local\Programs\MiKTeX\tex/latex/amsmath\amsopn.sty
Package: amsopn 2022/04/08 v2.04 operator names
)
\inf@bad=\count322
LaTeX Info: Redefining \frac on input line 233.
\uproot@=\count323
\leftroot@=\count324
LaTeX Info: Redefining \overline on input line 398.
LaTeX Info: Redefining \colon on input line 409.
\classnum@=\count325
\DOTSCASE@=\count326
LaTeX Info: Redefining \ldots on input line 495.
LaTeX Info: Redefining \dots on input line 498.
LaTeX Info: Redefining \cdots on input line 619.
\Mathstrutbox@=\box73
\strutbox@=\box74
LaTeX Info: Redefining \big on input line 721.
LaTeX Info: Redefining \Big on input line 722.
LaTeX Info: Redefining \bigg on input line 723.
LaTeX Info: Redefining \Bigg on input line 724.
\big@size=\dimen275
LaTeX Font Info:    Redeclaring font encoding OML on input line 742.
LaTeX Font Info:    Redeclaring font encoding OMS on input line 743.
\macc@depth=\count327
LaTeX Info: Redefining \bmod on input line 904.
LaTeX Info: Redefining \pmod on input line 909.
LaTeX Info: Redefining \smash on input line 939.
LaTeX Info: Redefining \relbar on input line 969.
LaTeX Info: Redefining \Relbar on input line 970.
\c@MaxMatrixCols=\count328
\dotsspace@=\muskip17
\c@parentequation=\count329
\dspbrk@lvl=\count330
\tag@help=\toks40
\row@=\count331
\column@=\count332
\maxfields@=\count333
\andhelp@=\toks41
\eqnshift@=\dimen276
\alignsep@=\dimen277
\tagshift@=\dimen278
\tagwidth@=\dimen279
\totwidth@=\dimen280
\lineht@=\dimen281
\@envbody=\toks42
\multlinegap=\skip58
\multlinetaggap=\skip59
\mathdisplay@stack=\toks43
LaTeX Info: Redefining \[ on input line 2950.
LaTeX Info: Redefining \] on input line 2951.
)
(C:\Users\Admin\AppData\Local\Programs\MiKTeX\tex/latex/amsfonts\amssymb.sty
Package: amssymb 2013/01/14 v3.01 AMS font symbols

(C:\Users\Admin\AppData\Local\Programs\MiKTeX\tex/latex/amsfonts\amsfonts.sty
Package: amsfonts 2013/01/14 v3.01 Basic AMSFonts support
\symAMSa=\mathgroup4
\symAMSb=\mathgroup5
LaTeX Font Info:    Redeclaring math symbol \hbar on input line 98.
LaTeX Font Info:    Overwriting math alphabet `\mathfrak' in version `bold'
(Font)                  U/euf/m/n --> U/euf/b/n on input line 106.
)) (C:\Users\Admin\AppData\Local\Programs\MiKTeX\tex/latex/base\latexsym.sty
Package: latexsym 1998/08/17 v2.2e Standard LaTeX package (lasy symbols)
\symlasy=\mathgroup6
LaTeX Font Info:    Overwriting symbol font `lasy' in version `bold'
(Font)                  U/lasy/m/n --> U/lasy/b/n on input line 52.
)
(C:\Users\Admin\AppData\Local\Programs\MiKTeX\tex/latex/amsmath\amscd.sty
Package: amscd 2017/04/14 v2.1 AMS Commutative Diagrams
\athelp@=\toks44
\minaw@=\dimen282
\bigaw@=\dimen283
\minCDarrowwidth=\dimen284
)
(C:\Users\Admin\AppData\Local\Programs\MiKTeX\tex/latex/amsmath\amsxtra.sty
Package: amsxtra 1999/11/15 v1.2c AMS extra commands
LaTeX Info: Redefining \nobreakspace on input line 54.
)
(C:\Users\Admin\AppData\Local\Programs\MiKTeX\tex/latex/base\graphpap.sty
Package: graphpap 1994/08/09 v1.0c Standard LaTeX graphpap package (LL)
)
(C:\Users\Admin\AppData\Local\Programs\MiKTeX\tex/latex/amscls\amsthm.sty
Package: amsthm 2020/05/29 v2.20.6
\thm@style=\toks45
\thm@bodyfont=\toks46
\thm@headfont=\toks47
\thm@notefont=\toks48
\thm@headpunct=\toks49
\thm@preskip=\skip60
\thm@postskip=\skip61
\thm@headsep=\skip62
\dth@everypar=\toks50
)
(C:\Users\Admin\AppData\Local\Programs\MiKTeX\tex/latex/mathtools\mathtools.sty
Package: mathtools 2024/10/04 v1.31 mathematical typesetting tools
(C:\Users\Admin\AppData\Local\Programs\MiKTeX\tex/latex/tools\calc.sty
Package: calc 2025/03/01 v4.3b Infix arithmetic (KKT,FJ)
\calc@Acount=\count334
\calc@Bcount=\count335
\calc@Adimen=\dimen285
\calc@Bdimen=\dimen286
\calc@Askip=\skip63
\calc@Bskip=\skip64
LaTeX Info: Redefining \setlength on input line 86.
LaTeX Info: Redefining \addtolength on input line 87.
\calc@Ccount=\count336
\calc@Cskip=\skip65
)
(C:\Users\Admin\AppData\Local\Programs\MiKTeX\tex/latex/mathtools\mhsetup.sty
Package: mhsetup 2021/03/18 v1.4 programming setup (MH)
)
\g_MT_multlinerow_int=\count337
\l_MT_multwidth_dim=\dimen287
\origjot=\skip66
\l_MT_shortvdotswithinadjustabove_dim=\dimen288
\l_MT_shortvdotswithinadjustbelow_dim=\dimen289
\l_MT_above_intertext_sep=\dimen290
\l_MT_below_intertext_sep=\dimen291
\l_MT_above_shortintertext_sep=\dimen292
\l_MT_below_shortintertext_sep=\dimen293
\xmathstrut@box=\box75
\xmathstrut@dim=\dimen294
)
(C:\Users\Admin\AppData\Local\Programs\MiKTeX\tex/latex/pb-diagram\pb-diagram.s
ty
\dgARROWLENGTH=\skip67
\dgTEXTARROWLENGTH=\skip68
\dgHORIZPAD=\skip69
\dgVERTPAD=\skip70
\dgLABELOFFSET=\skip71
\dgARROWPARTS=\count338
\dgDOTSPACING=\skip72
\dgDOTSIZE=\skip73
\dgMAXSQUARE=\count339
\dgMINDBLSQ=\count340
\dgCOLUMNWIDTH=\skip74
\dg@HORIZ=\count341
\dg@VERT=\count342
\dg@XLPAD=\count343
\dg@YBPAD=\count344
\dg@XRPAD=\count345
\dg@YTPAD=\count346
\dg@X=\count347
\dg@Y=\count348
\dg@XGRID=\count349
\dg@YGRID=\count350
\dg@SIZE=\count351
\dg@USERSIZE=\count352
\dg@DX=\count353
\dg@DY=\count354
\dg@XLBL=\count355
\dg@YLBL=\count356
\dg@XOFFSET=\count357
\dg@YOFFSET=\count358
\dg@LBLOFF=\count359
\dg@XLBLOFF=\count360
\dg@YLBLOFF=\count361
\dg@LBLPOS=\count362
\dg@XTEMP=\count363
\dg@YTEMP=\count364
\dg@ZTEMP=\count365
\dg@XNODE=\count366
\dg@YNODE=\count367
\dg@XEND=\count368
\dg@YEND=\count369
\dg@WEND=\count370
\dg@HEND=\count371
\dg@COUNT=\count372
\dg@NODEBOX=\box76
\dg@LABONEBOX=\box77
\dg@LABTWOBOX=\box78
) (C:\Users\Admin\AppData\Local\Programs\MiKTeX\tex/latex/caption\caption.sty
Package: caption 2023/08/05 v3.6o Customizing captions (AR)
(C:\Users\Admin\AppData\Local\Programs\MiKTeX\tex/latex/caption\caption3.sty
Package: caption3 2023/07/31 v2.4d caption3 kernel (AR)
\caption@tempdima=\dimen295
\captionmargin=\dimen296
\caption@leftmargin=\dimen297
\caption@rightmargin=\dimen298
\caption@width=\dimen299
\caption@indent=\dimen300
\caption@parindent=\dimen301
\caption@hangindent=\dimen302
Package caption Info: Standard document class detected.
)
\c@caption@flags=\count373
\c@continuedfloat=\count374
Package caption Info: float package is loaded.
Package caption Info: listings package is loaded.
Package caption Info: wrapfig package is loaded.
)
(C:\Users\Admin\AppData\Local\Programs\MiKTeX\tex/latex/aligned-overset\aligned
-overset.sty
(C:\Users\Admin\AppData\Local\Programs\MiKTeX\tex/latex/l3kernel\expl3.sty
Package: expl3 2025-12-24 L3 programming layer (loader) 

(C:\Users\Admin\AppData\Local\Programs\MiKTeX\tex/latex/l3backend\l3backend-pdf
tex.def
File: l3backend-pdftex.def 2025-10-09 L3 backend support: PDF output (pdfTeX)
\l__color_backend_stack_int=\count375
))
Package: aligned-overset 2018/04/04 v0.1.0 aligned overset and underset

(C:\Users\Admin\AppData\Local\Programs\MiKTeX\tex/latex/l3packages/xparse\xpars
e.sty
Package: xparse 2025-10-09 L3 Experimental document command parser
)
\l__alignedsets_clap_box=\box79
\l__alignedsets_full_box=\box80
)
(C:\Users\Admin\AppData\Local\Programs\MiKTeX\tex/latex/picinpar\picinpar.sty
Pictures in Paragraphs. Version 1.3a, November 2, 2025
\br=\count376
\bl=\count377
\na=\count378
\nb=\count379
\tcdsav=\count380
\tcl=\count381
\tcd=\count382
\tcn=\count383
\cumtcl=\count384
\cumpartcl=\count385
\lftside=\dimen303
\rtside=\dimen304
\hpic=\dimen305
\vpic=\dimen306
\strutilg=\dimen307
\picwd=\dimen308
\topheight=\dimen309
\ilg=\dimen310
\lpic=\dimen311
\lwindowsep=\dimen312
\rwindowsep=\dimen313
\cumpar=\dimen314
\twa=\toks51
\la=\toks52
\ra=\toks53
\ha=\toks54
\pictoc=\toks55
\rawtext=\box81
\holder=\box82
\windowbox=\box83
\wartext=\box84
\finaltext=\box85
\aslice=\box86
\bslice=\box87
\wbox=\box88
\wstrutbox=\box89
\picbox=\box90
\waslice=\box91
\wbslice=\box92
\fslice=\box93
) (C:\Users\Admin\AppData\Local\Programs\MiKTeX\tex/latex/floatflt\floatflt.sty
Package: floatflt 1997/07/16 v. 1.31
\c@OptionTest=\count386
\figbox=\box94
\tabbox=\box95
\pagebox=\box96
\ffigcount=\count387
\ftabcount=\count388
\fftest=\count389
\hangcount=\count390
\nosuccesstryfig=\count391
\nosuccesstrytab=\count392
\figgutter=\dimen315
\tabgutter=\dimen316
\htdone=\dimen317
\pageht=\dimen318
\startpageht=\dimen319
\tabbredd=\dimen320
\floatfltwidth=\dimen321
\fltitemwidth=\dimen322
\outputpretest=\toks56
) (C:\Users\Admin\AppData\Local\Programs\MiKTeX\tex/latex/tools\longtable.sty
Package: longtable 2025-10-13 v4.24 Multi-page Table package (DPC)
\LTleft=\skip75
\LTright=\skip76
\LTpre=\skip77
\LTpost=\skip78
\LTchunksize=\count393
\LTcapwidth=\dimen323
\LT@head=\box97
\LT@firsthead=\box98
\LT@foot=\box99
\LT@lastfoot=\box100
\LT@gbox=\box101
\LT@cols=\count394
\LT@rows=\count395
\c@LT@tables=\count396
\c@LT@chunks=\count397
\LT@p@ftn=\toks57
)
(C:\Users\Admin\AppData\Local\Programs\MiKTeX\tex/latex/fancybox\fancybox.sty
Package: fancybox 2010/05/15 1.4

Style option: `fancybox' v1.4 <2010/05/15> (tvz)
\@fancybox=\box102
\shadowsize=\dimen324
\@Sbox=\box103
\do@VerbBox=\toks58
\the@fancyput=\toks59
\this@fancyput=\toks60
\EndVerbatimTokens=\toks61
\Verbatim@Outfile=\write4
\Verbatim@Infile=\read3
) (C:\Users\Admin\AppData\Local\Programs\MiKTeX\tex/latex/vntex\vietnam.sty
Package: vietnam 2009/07/12 v1.3 support for Vietnamese

(C:\Users\Admin\AppData\Local\Programs\MiKTeX\tex/latex/base\ifthen.sty
Package: ifthen 2024/03/16 v1.1e Standard LaTeX ifthen package (DPC)
)
(C:\Users\Admin\AppData\Local\Programs\MiKTeX\tex/latex/base\fontenc.sty
Package: fontenc 2025/07/18 v2.1d Standard LaTeX package

(C:\Users\Admin\AppData\Local\Programs\MiKTeX\tex/latex/vntex\t5enc.def
File: t5enc.def 2006/11/21 v1.4 Vietnamese T5 encoding
Now handling font encoding T5 ...
... processing UTF-8 mapping file for font encoding T5

(C:\Users\Admin\AppData\Local\Programs\MiKTeX\tex/latex/vntex\t5enc.dfu
File: t5enc.dfu 2006/08/19 v1.1 UTF8 support for Vietnamese
   defining Unicode char U+00AB (decimal 171)
   defining Unicode char U+00BB (decimal 187)
   defining Unicode char U+00C0 (decimal 192)
   defining Unicode char U+00C1 (decimal 193)
   defining Unicode char U+00C2 (decimal 194)
   defining Unicode char U+00C3 (decimal 195)
   defining Unicode char U+00C8 (decimal 200)
   defining Unicode char U+00C9 (decimal 201)
   defining Unicode char U+00CA (decimal 202)
   defining Unicode char U+00CC (decimal 204)
   defining Unicode char U+00CD (decimal 205)
   defining Unicode char U+00D2 (decimal 210)
   defining Unicode char U+00D3 (decimal 211)
   defining Unicode char U+00D4 (decimal 212)
   defining Unicode char U+00D5 (decimal 213)
   defining Unicode char U+00D9 (decimal 217)
   defining Unicode char U+00DA (decimal 218)
   defining Unicode char U+00DD (decimal 221)
   defining Unicode char U+00E0 (decimal 224)
   defining Unicode char U+00E1 (decimal 225)
   defining Unicode char U+00E2 (decimal 226)
   defining Unicode char U+00E3 (decimal 227)
   defining Unicode char U+00E8 (decimal 232)
   defining Unicode char U+00E9 (decimal 233)
   defining Unicode char U+00EA (decimal 234)
   defining Unicode char U+00EC (decimal 236)
   defining Unicode char U+00ED (decimal 237)
   defining Unicode char U+00F2 (decimal 242)
   defining Unicode char U+00F3 (decimal 243)
   defining Unicode char U+00F4 (decimal 244)
   defining Unicode char U+00F5 (decimal 245)
   defining Unicode char U+00F9 (decimal 249)
   defining Unicode char U+00FA (decimal 250)
   defining Unicode char U+00FD (decimal 253)
   defining Unicode char U+0102 (decimal 258)
   defining Unicode char U+0103 (decimal 259)
   defining Unicode char U+0110 (decimal 272)
   defining Unicode char U+0111 (decimal 273)
   defining Unicode char U+0128 (decimal 296)
   defining Unicode char U+0129 (decimal 297)
   defining Unicode char U+0131 (decimal 305)
   defining Unicode char U+0168 (decimal 360)
   defining Unicode char U+0169 (decimal 361)
   defining Unicode char U+01A0 (decimal 416)
   defining Unicode char U+01A1 (decimal 417)
   defining Unicode char U+01AF (decimal 431)
   defining Unicode char U+01B0 (decimal 432)
   defining Unicode char U+1EA0 (decimal 7840)
   defining Unicode char U+1EA1 (decimal 7841)
   defining Unicode char U+1EA2 (decimal 7842)
   defining Unicode char U+1EA3 (decimal 7843)
   defining Unicode char U+1EA4 (decimal 7844)
   defining Unicode char U+1EA5 (decimal 7845)
   defining Unicode char U+1EA6 (decimal 7846)
   defining Unicode char U+1EA7 (decimal 7847)
   defining Unicode char U+1EA8 (decimal 7848)
   defining Unicode char U+1EA9 (decimal 7849)
   defining Unicode char U+1EAA (decimal 7850)
   defining Unicode char U+1EAB (decimal 7851)
   defining Unicode char U+1EAC (decimal 7852)
   defining Unicode char U+1EAD (decimal 7853)
   defining Unicode char U+1EAE (decimal 7854)
   defining Unicode char U+1EAF (decimal 7855)
   defining Unicode char U+1EB0 (decimal 7856)
   defining Unicode char U+1EB1 (decimal 7857)
   defining Unicode char U+1EB2 (decimal 7858)
   defining Unicode char U+1EB3 (decimal 7859)
   defining Unicode char U+1EB4 (decimal 7860)
   defining Unicode char U+1EB5 (decimal 7861)
   defining Unicode char U+1EB6 (decimal 7862)
   defining Unicode char U+1EB7 (decimal 7863)
   defining Unicode char U+1EB8 (decimal 7864)
   defining Unicode char U+1EB9 (decimal 7865)
   defining Unicode char U+1EBA (decimal 7866)
   defining Unicode char U+1EBB (decimal 7867)
   defining Unicode char U+1EBC (decimal 7868)
   defining Unicode char U+1EBD (decimal 7869)
   defining Unicode char U+1EBE (decimal 7870)
   defining Unicode char U+1EBF (decimal 7871)
   defining Unicode char U+1EC0 (decimal 7872)
   defining Unicode char U+1EC1 (decimal 7873)
   defining Unicode char U+1EC2 (decimal 7874)
   defining Unicode char U+1EC3 (decimal 7875)
   defining Unicode char U+1EC4 (decimal 7876)
   defining Unicode char U+1EC5 (decimal 7877)
   defining Unicode char U+1EC6 (decimal 7878)
   defining Unicode char U+1EC7 (decimal 7879)
   defining Unicode char U+1EC8 (decimal 7880)
   defining Unicode char U+1EC9 (decimal 7881)
   defining Unicode char U+1ECA (decimal 7882)
   defining Unicode char U+1ECB (decimal 7883)
   defining Unicode char U+1ECC (decimal 7884)
   defining Unicode char U+1ECD (decimal 7885)
   defining Unicode char U+1ECE (decimal 7886)
   defining Unicode char U+1ECF (decimal 7887)
   defining Unicode char U+1ED0 (decimal 7888)
   defining Unicode char U+1ED1 (decimal 7889)
   defining Unicode char U+1ED2 (decimal 7890)
   defining Unicode char U+1ED3 (decimal 7891)
   defining Unicode char U+1ED4 (decimal 7892)
   defining Unicode char U+1ED5 (decimal 7893)
   defining Unicode char U+1ED6 (decimal 7894)
   defining Unicode char U+1ED7 (decimal 7895)
   defining Unicode char U+1ED8 (decimal 7896)
   defining Unicode char U+1ED9 (decimal 7897)
   defining Unicode char U+1EDA (decimal 7898)
   defining Unicode char U+1EDB (decimal 7899)
   defining Unicode char U+1EDC (decimal 7900)
   defining Unicode char U+1EDD (decimal 7901)
   defining Unicode char U+1EDE (decimal 7902)
   defining Unicode char U+1EDF (decimal 7903)
   defining Unicode char U+1EE0 (decimal 7904)
   defining Unicode char U+1EE1 (decimal 7905)
   defining Unicode char U+1EE2 (decimal 7906)
   defining Unicode char U+1EE3 (decimal 7907)
   defining Unicode char U+1EE4 (decimal 7908)
   defining Unicode char U+1EE5 (decimal 7909)
   defining Unicode char U+1EE6 (decimal 7910)
   defining Unicode char U+1EE7 (decimal 7911)
   defining Unicode char U+1EE8 (decimal 7912)
   defining Unicode char U+1EE9 (decimal 7913)
   defining Unicode char U+1EEA (decimal 7914)
   defining Unicode char U+1EEB (decimal 7915)
   defining Unicode char U+1EEC (decimal 7916)
   defining Unicode char U+1EED (decimal 7917)
   defining Unicode char U+1EEE (decimal 7918)
   defining Unicode char U+1EEF (decimal 7919)
   defining Unicode char U+1EF0 (decimal 7920)
   defining Unicode char U+1EF1 (decimal 7921)
   defining Unicode char U+1EF2 (decimal 7922)
   defining Unicode char U+1EF3 (decimal 7923)
   defining Unicode char U+1EF4 (decimal 7924)
   defining Unicode char U+1EF5 (decimal 7925)
   defining Unicode char U+1EF6 (decimal 7926)
   defining Unicode char U+1EF7 (decimal 7927)
   defining Unicode char U+1EF8 (decimal 7928)
   defining Unicode char U+1EF9 (decimal 7929)
   defining Unicode char U+200C (decimal 8204)
   defining Unicode char U+2013 (decimal 8211)
   defining Unicode char U+2014 (decimal 8212)
   defining Unicode char U+2018 (decimal 8216)
   defining Unicode char U+2019 (decimal 8217)
   defining Unicode char U+201A (decimal 8218)
   defining Unicode char U+201C (decimal 8220)
   defining Unicode char U+201D (decimal 8221)
   defining Unicode char U+201E (decimal 8222)
   defining Unicode char U+2030 (decimal 8240)
   defining Unicode char U+2031 (decimal 8241)
   defining Unicode char U+2039 (decimal 8249)
   defining Unicode char U+203A (decimal 8250)
   defining Unicode char U+2423 (decimal 9251)
))
LaTeX Font Info:    Trying to load font information for T5+cmr on input line 11
6.

(C:\Users\Admin\AppData\Local\Programs\MiKTeX\tex/latex/vntex\t5cmr.fd
File: t5cmr.fd 1999/05/25 v2.5h Standard LaTeX font definitions
))
(C:\Users\Admin\AppData\Local\Programs\MiKTeX\tex/latex/base\inputenc.sty
Package: inputenc 2024/02/08 v1.3d Input encoding file
\inpenc@prehook=\toks62
\inpenc@posthook=\toks63
)
(C:\Users\Admin\AppData\Local\Programs\MiKTeX\tex/latex/vntex\vncaps.tex
File: vncaps.tex 2006/06/07 v1.1 Captions in Vietnamese
))
(C:\Users\Admin\AppData\Local\Programs\MiKTeX\tex/latex/minitoc\minitoc.sty
Package: minitoc 2018/07/12 v62 Package minitoc

(C:\Users\Admin\AppData\Local\Programs\MiKTeX\tex/latex/minitoc\mtcmess.sty
Package: mtcmess 2006/03/14
)
Package minitoc Info: I0001
(minitoc)             *** minitoc package, version 62 ***.
\tf@mtc=\write5
\mtcindent=\skip79
\mtcskipamount=\skip80
Package minitoc Info: I0005
(minitoc)             compatible with hyperref.
Package minitoc Info: I0023
(minitoc)             part level macros available.
Package minitoc Info: I0003
(minitoc)             chapter level macros available.
\mtc@toks=\toks64
\mtc@strutbox=\box104
\mtc@hstrutbox=\box105
Package minitoc Info: I0002
(minitoc)             Autoconfiguration of extensions.
\openout5 = `main.mtc0'.

\openout5 = `main.mtc'.


(main.mtc0)
Package minitoc Info: I0012
(minitoc)             Long extensions (Unix-like) will be used.
Package minitoc Info: I0031
(minitoc)             ==> this version is configured for UNIX-like 
(minitoc)                 (long extensions) file names.
\openout5 = `main.mtc'.

\openout5 = `main.mtc0'.

\c@mtc=\count398
\c@minitocdepth=\count399
\c@ptc=\count400
\c@parttocdepth=\count401
\ptcindent=\skip81
Package minitoc Info: I0010
(minitoc)             The english language is selected.
(minitoc)              on input line 4910.

(C:\Users\Admin\AppData\Local\Programs\MiKTeX\tex/latex/minitoc\english.mld
File: english.mld 2006/01/13
)
(C:\Users\Admin\AppData\Local\Programs\MiKTeX\tex/latex/minitoc\english.mld
File: english.mld 2006/01/13
)
Package minitoc Info: I0010
(minitoc)             The vietnam language is selected.
(minitoc)              on input line 4911.

(C:\Users\Admin\AppData\Local\Programs\MiKTeX\tex/latex/minitoc\vietnam.mld
File: vietnam.mld 1999/03/16
))
(C:\Users\Admin\AppData\Local\Programs\MiKTeX\tex/latex/anyfontsize\anyfontsize
.sty
Package: anyfontsize 2007/11/22 anyfontsize.sty by pts
)
(C:\Users\Admin\AppData\Local\Programs\MiKTeX\tex/latex/hyperref\hyperref.sty
Package: hyperref 2025-07-12 v7.01o Hypertext links for LaTeX

(C:\Users\Admin\AppData\Local\Programs\MiKTeX\tex/generic/iftex\iftex.sty
Package: iftex 2024/12/12 v1.0g TeX engine tests
)
(C:\Users\Admin\AppData\Local\Programs\MiKTeX\tex/latex/kvsetkeys\kvsetkeys.sty
Package: kvsetkeys 2022-10-05 v1.19 Key value parser (HO)
)
(C:\Users\Admin\AppData\Local\Programs\MiKTeX\tex/generic/kvdefinekeys\kvdefine
keys.sty
Package: kvdefinekeys 2019-12-19 v1.6 Define keys (HO)
)
(C:\Users\Admin\AppData\Local\Programs\MiKTeX\tex/generic/pdfescape\pdfescape.s
ty
Package: pdfescape 2019/12/09 v1.15 Implements pdfTeX's escape features (HO)

(C:\Users\Admin\AppData\Local\Programs\MiKTeX\tex/generic/ltxcmds\ltxcmds.sty
Package: ltxcmds 2023-12-04 v1.26 LaTeX kernel commands for general use (HO)
)
(C:\Users\Admin\AppData\Local\Programs\MiKTeX\tex/generic/pdftexcmds\pdftexcmds
.sty
Package: pdftexcmds 2020-06-27 v0.33 Utility functions of pdfTeX for LuaTeX (HO
)

(C:\Users\Admin\AppData\Local\Programs\MiKTeX\tex/generic/infwarerr\infwarerr.s
ty
Package: infwarerr 2019/12/03 v1.5 Providing info/warning/error messages (HO)
)
Package pdftexcmds Info: \pdf@primitive is available.
Package pdftexcmds Info: \pdf@ifprimitive is available.
Package pdftexcmds Info: \pdfdraftmode found.
))
(C:\Users\Admin\AppData\Local\Programs\MiKTeX\tex/latex/hycolor\hycolor.sty
Package: hycolor 2020-01-27 v1.10 Color options for hyperref/bookmark (HO)
)
(C:\Users\Admin\AppData\Local\Programs\MiKTeX\tex/latex/hyperref\nameref.sty
Package: nameref 2025-06-21 v2.57 Cross-referencing by name of section

(C:\Users\Admin\AppData\Local\Programs\MiKTeX\tex/latex/refcount\refcount.sty
Package: refcount 2019/12/15 v3.6 Data extraction from label references (HO)
)
(C:\Users\Admin\AppData\Local\Programs\MiKTeX\tex/generic/gettitlestring\gettit
lestring.sty
Package: gettitlestring 2019/12/15 v1.6 Cleanup title references (HO)

(C:\Users\Admin\AppData\Local\Programs\MiKTeX\tex/latex/kvoptions\kvoptions.sty
Package: kvoptions 2022-06-15 v3.15 Key value format for package options (HO)
))
\c@section@level=\count402
)
(C:\Users\Admin\AppData\Local\Programs\MiKTeX\tex/generic/stringenc\stringenc.s
ty
Package: stringenc 2019/11/29 v1.12 Convert strings between diff. encodings (HO
)
)
\@linkdim=\dimen325
\Hy@linkcounter=\count403
\Hy@pagecounter=\count404
 (C:\Users\Admin\AppData\Local\Programs\MiKTeX\tex/latex/hyperref\pd1enc.def
File: pd1enc.def 2025-07-12 v7.01o Hyperref: PDFDocEncoding definition (HO)
Now handling font encoding PD1 ...
... no UTF-8 mapping file for font encoding PD1
) (C:\Users\Admin\AppData\Local\Programs\MiKTeX\tex/generic/intcalc\intcalc.sty
Package: intcalc 2019/12/15 v1.3 Expandable calculations with integers (HO)
)
\Hy@SavedSpaceFactor=\count405
 (C:\Users\Admin\AppData\Local\Programs\MiKTeX\tex/latex/hyperref\puenc.def
File: puenc.def 2025-07-12 v7.01o Hyperref: PDF Unicode definition (HO)
Now handling font encoding PU ...
... no UTF-8 mapping file for font encoding PU
)
Package hyperref Info: Hyper figures OFF on input line 4195.
Package hyperref Info: Link nesting OFF on input line 4200.
Package hyperref Info: Hyper index ON on input line 4203.
Package hyperref Info: Plain pages OFF on input line 4210.
Package hyperref Info: Backreferencing OFF on input line 4215.
Package hyperref Info: Implicit mode ON; LaTeX internals redefined.
Package hyperref Info: Bookmarks ON on input line 4462.
\c@Hy@tempcnt=\count406

(C:\Users\Admin\AppData\Local\Programs\MiKTeX\tex/latex/url\url.sty
\Urlmuskip=\muskip18
Package: url 2013/09/16  ver 3.4  Verb mode for urls, etc.
)
LaTeX Info: Redefining \url on input line 4801.
\XeTeXLinkMargin=\dimen326

(C:\Users\Admin\AppData\Local\Programs\MiKTeX\tex/generic/bitset\bitset.sty
Package: bitset 2019/12/09 v1.3 Handle bit-vector datatype (HO)

(C:\Users\Admin\AppData\Local\Programs\MiKTeX\tex/generic/bigintcalc\bigintcalc
.sty
Package: bigintcalc 2019/12/15 v1.5 Expandable calculations on big integers (HO
)
))
\Fld@menulength=\count407
\Field@Width=\dimen327
\Fld@charsize=\dimen328
Package hyperref Info: Hyper figures OFF on input line 6078.
Package hyperref Info: Link nesting OFF on input line 6083.
Package hyperref Info: Hyper index ON on input line 6086.
Package hyperref Info: backreferencing OFF on input line 6093.
Package hyperref Info: Link coloring OFF on input line 6098.
Package hyperref Info: Link coloring with OCG OFF on input line 6103.
Package hyperref Info: PDF/A mode OFF on input line 6108.
\Hy@abspage=\count408
\c@Item=\count409
\c@Hfootnote=\count410
)
Package hyperref Info: Driver (autodetected): hpdftex.

(C:\Users\Admin\AppData\Local\Programs\MiKTeX\tex/latex/hyperref\hpdftex.def
File: hpdftex.def 2025-07-12 v7.01o Hyperref driver for pdfTeX
\Fld@listcount=\count411
\c@bookmark@seq@number=\count412

(C:\Users\Admin\AppData\Local\Programs\MiKTeX\tex/latex/rerunfilecheck\rerunfil
echeck.sty
Package: rerunfilecheck 2025-06-21 v1.11 Rerun checks for auxiliary files (HO)

(C:\Users\Admin\AppData\Local\Programs\MiKTeX\tex/generic/uniquecounter\uniquec
ounter.sty
Package: uniquecounter 2019/12/15 v1.4 Provide unlimited unique counter (HO)
)
Package uniquecounter Info: New unique counter `rerunfilecheck' on input line 2
84.
)
\Hy@SectionHShift=\skip82
)
(C:\Users\Admin\AppData\Local\Programs\MiKTeX\tex/latex/titlesec\titletoc.sty
Package: titletoc 2025/01/04 v2.17 TOC entries
\ttl@leftsep=\dimen329
)
\c@proposition=\count413
\c@example=\count414
\c@lemma=\count415
\c@dn=\count416
\c@algorithm=\count417
\c@namedthm=\count418

(C:\Users\Admin\AppData\Local\Programs\MiKTeX\tex/latex/xpatch\xpatch.sty
Package: xpatch 2020/03/25 v0.3a Extending etoolbox patching commands
)
(C:\Users\Admin\AppData\Local\Programs\MiKTeX\tex/latex/fancyhdr\fancyhdr.sty
Package: fancyhdr 2025/02/07 v5.2 Extensive control of page headers and footers

\f@nch@headwidth=\skip83
\f@nch@offset@elh=\skip84
\f@nch@offset@erh=\skip85
\f@nch@offset@olh=\skip86
\f@nch@offset@orh=\skip87
\f@nch@offset@elf=\skip88
\f@nch@offset@erf=\skip89
\f@nch@offset@olf=\skip90
\f@nch@offset@orf=\skip91
\f@nch@height=\skip92
\f@nch@footalignment=\skip93
\f@nch@widthL=\skip94
\f@nch@widthC=\skip95
\f@nch@widthR=\skip96
\@temptokenb=\toks65
)
(main.aux)
\openout1 = `main.aux'.

LaTeX Font Info:    Checking defaults for OML/cmm/m/it on input line 178.
LaTeX Font Info:    ... okay on input line 178.
LaTeX Font Info:    Checking defaults for OMS/cmsy/m/n on input line 178.
LaTeX Font Info:    ... okay on input line 178.
LaTeX Font Info:    Checking defaults for OT1/cmr/m/n on input line 178.
LaTeX Font Info:    ... okay on input line 178.
LaTeX Font Info:    Checking defaults for T1/cmr/m/n on input line 178.
LaTeX Font Info:    ... okay on input line 178.
LaTeX Font Info:    Checking defaults for TS1/cmr/m/n on input line 178.
LaTeX Font Info:    ... okay on input line 178.
LaTeX Font Info:    Checking defaults for OMX/cmex/m/n on input line 178.
LaTeX Font Info:    ... okay on input line 178.
LaTeX Font Info:    Checking defaults for U/cmr/m/n on input line 178.
LaTeX Font Info:    ... okay on input line 178.
LaTeX Font Info:    Checking defaults for T5/cmr/m/n on input line 178.
LaTeX Font Info:    ... okay on input line 178.
LaTeX Font Info:    Checking defaults for PD1/pdf/m/n on input line 178.
LaTeX Font Info:    ... okay on input line 178.
LaTeX Font Info:    Checking defaults for PU/pdf/m/n on input line 178.
LaTeX Font Info:    ... okay on input line 178.
LaTeX Info: Redefining \microtypecontext on input line 178.
Package microtype Info: Applying patch `item' on input line 178.
Package microtype Info: Applying patch `toc' on input line 178.
Package microtype Info: Applying patch `eqnum' on input line 178.
Package microtype Info: Applying patch `footnote' on input line 178.
Package microtype Info: Applying patch `verbatim' on input line 178.
LaTeX Info: Redefining \microtypesetup on input line 178.
Package microtype Info: Generating PDF output.
Package microtype Info: Character protrusion enabled (level 2).
Package microtype Info: Using default protrusion set `alltext'.
Package microtype Info: Automatic font expansion enabled (level 2),
(microtype)             stretch: 20, shrink: 20, step: 1, non-selected.
Package microtype Info: Using default expansion set `alltext-nott'.
Package microtype Info: Patching command `\showhyphens'.
Package microtype Info: No adjustment of tracking.
Package microtype Info: No adjustment of interword spacing.
Package microtype Info: No adjustment of character kerning.

(C:\Users\Admin\AppData\Local\Programs\MiKTeX\tex/latex/microtype\mt-cmr.cfg
File: mt-cmr.cfg 2013/05/19 v2.2 microtype config. file: Computer Modern Roman 
(RS)
)
(C:\Users\Admin\AppData\Local\Programs\MiKTeX\tex/context/base/mkii\supp-pdf.mk
ii
[Loading MPS to PDF converter (version 2006.09.02).]
\scratchcounter=\count419
\scratchdimen=\dimen330
\scratchbox=\box106
\nofMPsegments=\count420
\nofMParguments=\count421
\everyMPshowfont=\toks66
\MPscratchCnt=\count422
\MPscratchDim=\dimen331
\MPnumerator=\count423
\makeMPintoPDFobject=\count424
\everyMPtoPDFconversion=\toks67
)
(C:\Users\Admin\AppData\Local\Programs\MiKTeX\tex/latex/epstopdf-pkg\epstopdf-b
ase.sty
Package: epstopdf-base 2020-01-24 v2.11 Base part for package epstopdf
Package epstopdf-base Info: Redefining graphics rule for `.eps' on input line 4
85.

(C:\Users\Admin\AppData\Local\Programs\MiKTeX\tex/latex/00miktex\epstopdf-sys.c
fg
File: epstopdf-sys.cfg 2021/03/18 v2.0 Configuration of epstopdf for MiKTeX
))
\c@lstlisting=\count425
Package caption Info: Begin \AtBeginDocument code.
Package caption Info: floatflt package is loaded.
Package caption Info: hyperref package is loaded.
Package caption Info: longtable package is loaded.

(C:\Users\Admin\AppData\Local\Programs\MiKTeX\tex/latex/caption\ltcaption.sty
Package: ltcaption 2021/01/08 v1.4c longtable captions (AR)
)
Package caption Info: picinpar package is loaded.
Package caption Info: End \AtBeginDocument code.
Package minitoc(hints) Info: I0049
(minitoc(hints))             ==> You requested the hints option. 
(minitoc(hints))             Some hints are eventually given below.


Package minitoc(hints) Warning: W0040
(minitoc(hints))                --- The titletoc package is loaded. 
(minitoc(hints))                It is incompatible 
(minitoc(hints))                with the minitoc package.


Package minitoc(hints) Warning: W0030
(minitoc(hints))                --- The \part command is altered 
(minitoc(hints))                after minitoc.


Package minitoc(hints) Warning: W0023
(minitoc(hints))                --- It may be the consequence 
(minitoc(hints))                of loading the ``hyperref'' package.


Package minitoc(hints) Warning: W0028
(minitoc(hints))                --- The \chapter command is altered 
(minitoc(hints))                after minitoc.


Package minitoc(hints) Warning: W0023
(minitoc(hints))                --- It may be the consequence 
(minitoc(hints))                of loading the ``hyperref'' package.

Package hyperref Info: Link coloring OFF on input line 178.
(main.out) (main.out)
\@outlinefile=\write6
\openout6 = `main.out'.

<hust.jpg, id=154, 247.4043pt x 371.7087pt>
File: hust.jpg Graphic file (type jpg)
<use hust.jpg>
Package pdftex.def Info: hust.jpg  used on input line 208.
(pdftex.def)             Requested size: 123.70183pt x 185.85388pt.
LaTeX Font Info:    Calculating math sizes for size <13> on input line 232.
LaTeX Font Info:    Trying to load font information for U+msa on input line 232
.

(C:\Users\Admin\AppData\Local\Programs\MiKTeX\tex/latex/amsfonts\umsa.fd
File: umsa.fd 2013/01/14 v3.01 AMS symbols A
)
(C:\Users\Admin\AppData\Local\Programs\MiKTeX\tex/latex/microtype\mt-msa.cfg
File: mt-msa.cfg 2006/02/04 v1.1 microtype config. file: AMS symbols (a) (RS)
)
LaTeX Font Info:    Trying to load font information for U+msb on input line 232
.

(C:\Users\Admin\AppData\Local\Programs\MiKTeX\tex/latex/amsfonts\umsb.fd
File: umsb.fd 2013/01/14 v3.01 AMS symbols B
)
(C:\Users\Admin\AppData\Local\Programs\MiKTeX\tex/latex/microtype\mt-msb.cfg
File: mt-msb.cfg 2005/06/01 v1.0 microtype config. file: AMS symbols (b) (RS)
)
LaTeX Font Info:    Trying to load font information for U+lasy on input line 23
2.

(C:\Users\Admin\AppData\Local\Programs\MiKTeX\tex/latex/base\ulasy.fd
File: ulasy.fd 1998/08/17 v2.2e LaTeX symbol font definitions
) [1

{C:/Users/Admin/AppData/Local/MiKTeX/fonts/map/pdftex/pdftex.map} <./hust.jpg>]

Overfull \hbox (2.61047pt too wide) in paragraph at lines 271--280
  $[]$ 
 []

[2]
Overfull \hbox (31.10814pt too wide) in paragraph at lines 303--314
[]$[]$   $[]$ 
 []

[3] [4]
Overfull \hbox (31.10814pt too wide) in paragraph at lines 340--351
[]$[]$   $[]$ 
 []

[5] (main.toc [6

])
\tf@toc=\write7
\openout7 = `main.toc'.

 [7] (main.lof [8

])
\tf@lof=\write8
\openout8 = `main.lof'.

 [9]
Ch\uhorn \ohorn ng 1.
(Content/ChĆ°Ćˇng 1.tex [10

] [11] [12] [13] [14]) [15]
Ch\uhorn \ohorn ng 2.
(Content/ChĆ°Ćˇng 2.tex [16

] [17] [18] [19] [20] [21] [22] [23] [24] [25]
LaTeX Font Info:    Calculating math sizes for size <14> on input line 251.

[26] [27]) [28]
Ch\uhorn \ohorn ng 3.
(Content/ChĆ°Ćˇng 3.tex [29

]
<images/anh_chuong3/hinh_3_8_tong_quan_chat_luong_du_lieu.png.png, id=567, 1453
.43pt x 1090.0725pt>
File: images/anh_chuong3/hinh_3_8_tong_quan_chat_luong_du_lieu.png.png Graphic 
file (type png)
<use images/anh_chuong3/hinh_3_8_tong_quan_chat_luong_du_lieu.png.png>
Package pdftex.def Info: images/anh_chuong3/hinh_3_8_tong_quan_chat_luong_du_li
eu.png.png  used on input line 67.
(pdftex.def)             Requested size: 374.86774pt x 281.15005pt.
 [30] [31 <./images/anh_chuong3/hinh_3_8_tong_quan_chat_luong_du_lieu.png.png (
PNG copy)>] [32]
<images/anh_chuong3/hinh_3_1_doanh_thu_loi_nhuan_theo_nam.png, id=597, 643.4439
pt x 353.4003pt>
File: images/anh_chuong3/hinh_3_1_doanh_thu_loi_nhuan_theo_nam.png Graphic file
 (type png)
<use images/anh_chuong3/hinh_3_1_doanh_thu_loi_nhuan_theo_nam.png>
Package pdftex.def Info: images/anh_chuong3/hinh_3_1_doanh_thu_loi_nhuan_theo_n
am.png  used on input line 156.
(pdftex.def)             Requested size: 396.91324pt x 217.99506pt.
<images/anh_chuong3/hinh_3_7_xu_huong_doanh_thu_theo_thang.png, id=600, 860.253
9pt x 353.4003pt>
File: images/anh_chuong3/hinh_3_7_xu_huong_doanh_thu_theo_thang.png Graphic fil
e (type png)
<use images/anh_chuong3/hinh_3_7_xu_huong_doanh_thu_theo_thang.png>
Package pdftex.def Info: images/anh_chuong3/hinh_3_7_xu_huong_doanh_thu_theo_th
ang.png  used on input line 165.
(pdftex.def)             Requested size: 418.96547pt x 172.11073pt.
 [33 <./images/anh_chuong3/hinh_3_1_doanh_thu_loi_nhuan_theo_nam.png>]
<images/anh_chuong3/hinh_3_2_doanh_thu_theo_khu_vuc.png, id=606, 571.1739pt x 3
53.1594pt>
File: images/anh_chuong3/hinh_3_2_doanh_thu_theo_khu_vuc.png Graphic file (type
 png)
<use images/anh_chuong3/hinh_3_2_doanh_thu_theo_khu_vuc.png>
Package pdftex.def Info: images/anh_chuong3/hinh_3_2_doanh_thu_theo_khu_vuc.png
  used on input line 196.
(pdftex.def)             Requested size: 374.86774pt x 231.7872pt.
 [34 <./images/anh_chuong3/hinh_3_7_xu_huong_doanh_thu_theo_thang.png>]
<images/anh_chuong3/hinh_3_3_loi_nhuan_theo_danh_muc.png, id=615, 571.1739pt x 
352.6776pt>
File: images/anh_chuong3/hinh_3_3_loi_nhuan_theo_danh_muc.png Graphic file (typ
e png)
<use images/anh_chuong3/hinh_3_3_loi_nhuan_theo_danh_muc.png>
Package pdftex.def Info: images/anh_chuong3/hinh_3_3_loi_nhuan_theo_danh_muc.pn
g  used on input line 225.
(pdftex.def)             Requested size: 374.86774pt x 231.47101pt.
 [35 <./images/anh_chuong3/hinh_3_2_doanh_thu_theo_khu_vuc.png>]
<images/anh_chuong3/hinh_3_4_top_10_tieu_danh_muc_loi_nhuan.png, id=624, 643.20
3pt x 425.1885pt>
File: images/anh_chuong3/hinh_3_4_top_10_tieu_danh_muc_loi_nhuan.png Graphic fi
le (type png)
<use images/anh_chuong3/hinh_3_4_top_10_tieu_danh_muc_loi_nhuan.png>
Package pdftex.def Info: images/anh_chuong3/hinh_3_4_top_10_tieu_danh_muc_loi_n
huan.png  used on input line 255.
(pdftex.def)             Requested size: 396.91324pt x 262.38145pt.
 [36 <./images/anh_chuong3/hinh_3_3_loi_nhuan_theo_danh_muc.png>]
<images/anh_chuong3/hinh_3_5_doanh_thu_theo_phan_khuc.png, id=631, 570.933pt x 
353.1594pt>
File: images/anh_chuong3/hinh_3_5_doanh_thu_theo_phan_khuc.png Graphic file (ty
pe png)
<use images/anh_chuong3/hinh_3_5_doanh_thu_theo_phan_khuc.png>
Package pdftex.def Info: images/anh_chuong3/hinh_3_5_doanh_thu_theo_phan_khuc.p
ng  used on input line 284.
(pdftex.def)             Requested size: 374.86774pt x 231.88959pt.

[37 <./images/anh_chuong3/hinh_3_4_top_10_tieu_danh_muc_loi_nhuan.png>]
[38 <./images/anh_chuong3/hinh_3_5_doanh_thu_theo_phan_khuc.png>]
<images/anh_chuong3/hinh_3_6_loi_nhuan_theo_nhom_chiet_khau.png, id=648, 715.71
39pt x 353.6412pt>
File: images/anh_chuong3/hinh_3_6_loi_nhuan_theo_nhom_chiet_khau.png Graphic fi
le (type png)
<use images/anh_chuong3/hinh_3_6_loi_nhuan_theo_nhom_chiet_khau.png>
Package pdftex.def Info: images/anh_chuong3/hinh_3_6_loi_nhuan_theo_nhom_chiet_
khau.png  used on input line 325.
(pdftex.def)             Requested size: 396.91324pt x 196.12209pt.
 [39 <./images/anh_chuong3/hinh_3_6_loi_nhuan_theo_nhom_chiet_khau.png>]
<images/anh_chuong3/dashboard_tong_quan_kinh_doanh.png, id=655, 999.735pt x 578
.16pt>
File: images/anh_chuong3/dashboard_tong_quan_kinh_doanh.png Graphic file (type 
png)
<use images/anh_chuong3/dashboard_tong_quan_kinh_doanh.png>
Package pdftex.def Info: images/anh_chuong3/dashboard_tong_quan_kinh_doanh.png 
 used on input line 354.
(pdftex.def)             Requested size: 418.96547pt x 242.29622pt.
 [40]
<images/anh_chuong3/dashboard_khu_vuc_san_pham.png, id=664, 999.735pt x 578.16p
t>
File: images/anh_chuong3/dashboard_khu_vuc_san_pham.png Graphic file (type png)

<use images/anh_chuong3/dashboard_khu_vuc_san_pham.png>
Package pdftex.def Info: images/anh_chuong3/dashboard_khu_vuc_san_pham.png  use
d on input line 361.
(pdftex.def)             Requested size: 418.96547pt x 242.29622pt.
<images/anh_chuong3/dashboard_khach_hang_chiet_khau.png, id=665, 999.735pt x 57
8.16pt>
File: images/anh_chuong3/dashboard_khach_hang_chiet_khau.png Graphic file (type
 png)
<use images/anh_chuong3/dashboard_khach_hang_chiet_khau.png>
Package pdftex.def Info: images/anh_chuong3/dashboard_khach_hang_chiet_khau.png
  used on input line 368.
(pdftex.def)             Requested size: 418.96547pt x 242.29622pt.
 [41 <./images/anh_chuong3/dashboard_tong_quan_kinh_doanh.png (PNG copy)> <./im
ages/anh_chuong3/dashboard_khu_vuc_san_pham.png (PNG copy)>] [42 <./images/anh_
chuong3/dashboard_khach_hang_chiet_khau.png (PNG copy)>] [43] [44]) [45]
Ch\uhorn \ohorn ng 4.
(Content/ChĆ°Ćˇng 4.tex [46

]
<images/anh_chuong4/model_workflow.png, id=706, 2055.68pt x 2055.68pt>
File: images/anh_chuong4/model_workflow.png Graphic file (type png)
<use images/anh_chuong4/model_workflow.png>
Package pdftex.def Info: images/anh_chuong4/model_workflow.png  used on input l
ine 22.
(pdftex.def)             Requested size: 374.86774pt x 374.86833pt.
 [47] [48 <./images/anh_chuong4/model_workflow.png>] [49] [50]
<images/anh_chuong4/linear_before_metrics.png, id=728, 389.20406pt x 230.36063p
t>
File: images/anh_chuong4/linear_before_metrics.png Graphic file (type png)
<use images/anh_chuong4/linear_before_metrics.png>
Package pdftex.def Info: images/anh_chuong4/linear_before_metrics.png  used on 
input line 99.
(pdftex.def)             Requested size: 264.61331pt x 156.62204pt.
<images/anh_chuong4/linear_before_qqplot.png, id=729, 578.16pt x 433.62pt>
File: images/anh_chuong4/linear_before_qqplot.png Graphic file (type png)
<use images/anh_chuong4/linear_before_qqplot.png>
Package pdftex.def Info: images/anh_chuong4/linear_before_qqplot.png  used on i
nput line 109.
(pdftex.def)             Requested size: 330.76328pt x 248.07243pt.
 [51 <./images/anh_chuong4/linear_before_metrics.png>]
<images/anh_chuong4/linear_after_metrics.png, id=737, 376.40625pt x 228.855pt>
File: images/anh_chuong4/linear_after_metrics.png Graphic file (type png)
<use images/anh_chuong4/linear_after_metrics.png>
Package pdftex.def Info: images/anh_chuong4/linear_after_metrics.png  used on i
nput line 132.
(pdftex.def)             Requested size: 264.61331pt x 160.8958pt.
 [52 <./images/anh_chuong4/linear_before_qqplot.png>]
<images/anh_chuong4/linear_after_qqplot.png, id=745, 578.16pt x 433.62pt>
File: images/anh_chuong4/linear_after_qqplot.png Graphic file (type png)
<use images/anh_chuong4/linear_after_qqplot.png>
Package pdftex.def Info: images/anh_chuong4/linear_after_qqplot.png  used on in
put line 143.
(pdftex.def)             Requested size: 330.76328pt x 248.07243pt.
 [53 <./images/anh_chuong4/linear_after_metrics.png> <./images/anh_chuong4/line
ar_after_qqplot.png>] [54]
<images/anh_chuong4/random_forest_before_metrics.png, id=761, 412.54124pt x 230
.36063pt>
File: images/anh_chuong4/random_forest_before_metrics.png Graphic file (type pn
g)
<use images/anh_chuong4/random_forest_before_metrics.png>
Package pdftex.def Info: images/anh_chuong4/random_forest_before_metrics.png  u
sed on input line 190.
(pdftex.def)             Requested size: 264.61331pt x 147.7607pt.
 [55]
<images/anh_chuong4/random_forest_feature_importance.png, id=771, 722.7pt x 433
.62pt>
File: images/anh_chuong4/random_forest_feature_importance.png Graphic file (typ
e png)
<use images/anh_chuong4/random_forest_feature_importance.png>
Package pdftex.def Info: images/anh_chuong4/random_forest_feature_importance.pn
g  used on input line 201.
(pdftex.def)             Requested size: 352.8155pt x 211.6883pt.
 [56 <./images/anh_chuong4/random_forest_before_metrics.png> <./images/anh_chuo
ng4/random_forest_feature_importance.png>]
<images/anh_chuong4/random_forest_after_metrics.png, id=780, 488.57532pt x 234.
1247pt>
File: images/anh_chuong4/random_forest_after_metrics.png Graphic file (type png
)
<use images/anh_chuong4/random_forest_after_metrics.png>
Package pdftex.def Info: images/anh_chuong4/random_forest_after_metrics.png  us
ed on input line 223.
(pdftex.def)             Requested size: 264.61331pt x 126.80412pt.
<images/anh_chuong4/random_forest_after_feature_importance.png, id=781, 722.7pt
 x 433.62pt>
File: images/anh_chuong4/random_forest_after_feature_importance.png Graphic fil
e (type png)
<use images/anh_chuong4/random_forest_after_feature_importance.png>
Package pdftex.def Info: images/anh_chuong4/random_forest_after_feature_importa
nce.png  used on input line 232.
(pdftex.def)             Requested size: 352.8155pt x 211.6883pt.
 [57 <./images/anh_chuong4/random_forest_after_metrics.png>] [58 <./images/anh_
chuong4/random_forest_after_feature_importance.png>] [59]
<images/anh_chuong4/gradient_boosting_before_metrics.png, id=806, 433.62pt x 22
8.855pt>
File: images/anh_chuong4/gradient_boosting_before_metrics.png Graphic file (typ
e png)
<use images/anh_chuong4/gradient_boosting_before_metrics.png>
Package pdftex.def Info: images/anh_chuong4/gradient_boosting_before_metrics.pn
g  used on input line 277.
(pdftex.def)             Requested size: 264.61331pt x 139.66418pt.
<images/anh_chuong4/Ma_tran_tuong_quan_ban_le.png, id=807, 580.68945pt x 498.66
3pt>
File: images/anh_chuong4/Ma_tran_tuong_quan_ban_le.png Graphic file (type png)
<use images/anh_chuong4/Ma_tran_tuong_quan_ban_le.png>
Package pdftex.def Info: images/anh_chuong4/Ma_tran_tuong_quan_ban_le.png  used
 on input line 288.
(pdftex.def)             Requested size: 352.8155pt x 302.97415pt.
 [60 <./images/anh_chuong4/gradient_boosting_before_metrics.png>]
[61 <./images/anh_chuong4/Ma_tran_tuong_quan_ban_le.png>]
<images/anh_chuong4/gradient_boosting_after_metrics.png, id=822, 477.28313pt x 
226.59656pt>
File: images/anh_chuong4/gradient_boosting_after_metrics.png Graphic file (type
 png)
<use images/anh_chuong4/gradient_boosting_after_metrics.png>
Package pdftex.def Info: images/anh_chuong4/gradient_boosting_after_metrics.png
  used on input line 312.
(pdftex.def)             Requested size: 264.61331pt x 125.62772pt.
<images/anh_chuong4/Ma_tran_tuong_quan_sau_xu_ly_ngoai_lai.png, id=823, 580.459
5pt x 498.3345pt>
File: images/anh_chuong4/Ma_tran_tuong_quan_sau_xu_ly_ngoai_lai.png Graphic fil
e (type png)
<use images/anh_chuong4/Ma_tran_tuong_quan_sau_xu_ly_ngoai_lai.png>
Package pdftex.def Info: images/anh_chuong4/Ma_tran_tuong_quan_sau_xu_ly_ngoai_
lai.png  used on input line 323.
(pdftex.def)             Requested size: 374.86774pt x 321.8377pt.
 [62 <./images/anh_chuong4/gradient_boosting_after_metrics.png>] [63 <./images/
anh_chuong4/Ma_tran_tuong_quan_sau_xu_ly_ngoai_lai.png>] [64]
<images/anh_chuong4/xgboost_before_metrics.png, id=845, 440.39531pt x 231.86626
pt>
File: images/anh_chuong4/xgboost_before_metrics.png Graphic file (type png)
<use images/anh_chuong4/xgboost_before_metrics.png>
Package pdftex.def Info: images/anh_chuong4/xgboost_before_metrics.png  used on
 input line 371.
(pdftex.def)             Requested size: 264.61331pt x 139.32248pt.
 [65 <./images/anh_chuong4/xgboost_before_metrics.png>]
<images/anh_chuong4/1.png, id=853, 1453.43pt x 1090.0725pt>
File: images/anh_chuong4/1.png Graphic file (type png)
<use images/anh_chuong4/1.png>
Package pdftex.def Info: images/anh_chuong4/1.png  used on input line 382.
(pdftex.def)             Requested size: 352.8155pt x 264.60008pt.
 [66 <./images/anh_chuong4/1.png (PNG copy)>]
<images/anh_chuong4/xgboost_after_metrics.png, id=860, 450.18187pt x 218.31563p
t>
File: images/anh_chuong4/xgboost_after_metrics.png Graphic file (type png)
<use images/anh_chuong4/xgboost_after_metrics.png>
Package pdftex.def Info: images/anh_chuong4/xgboost_after_metrics.png  used on 
input line 406.
(pdftex.def)             Requested size: 264.61331pt x 128.32872pt.
<images/anh_chuong4/2.png, id=861, 1453.43pt x 1090.0725pt>
File: images/anh_chuong4/2.png Graphic file (type png)
<use images/anh_chuong4/2.png>
Package pdftex.def Info: images/anh_chuong4/2.png  used on input line 417.
(pdftex.def)             Requested size: 352.8155pt x 264.60008pt.
 [67 <./images/anh_chuong4/xgboost_after_metrics.png>] [68 <./images/anh_chuong
4/2.png (PNG copy)>] [69]
<images/anh_chuong4/kmeans_before_metrics.png, id=884, 370.38374pt x 228.10219p
t>
File: images/anh_chuong4/kmeans_before_metrics.png Graphic file (type png)
<use images/anh_chuong4/kmeans_before_metrics.png>
Package pdftex.def Info: images/anh_chuong4/kmeans_before_metrics.png  used on 
input line 476.
(pdftex.def)             Requested size: 264.61331pt x 162.96303pt.
 [70]
<images/anh_chuong4/kmeans_before_elbow.png, id=891, 578.16pt x 361.35pt>
File: images/anh_chuong4/kmeans_before_elbow.png Graphic file (type png)
<use images/anh_chuong4/kmeans_before_elbow.png>
Package pdftex.def Info: images/anh_chuong4/kmeans_before_elbow.png  used on in
put line 483.
(pdftex.def)             Requested size: 308.71104pt x 192.94264pt.
<images/anh_chuong4/kmeans_before_silhouette.png, id=892, 578.16pt x 361.35pt>
File: images/anh_chuong4/kmeans_before_silhouette.png Graphic file (type png)
<use images/anh_chuong4/kmeans_before_silhouette.png>
Package pdftex.def Info: images/anh_chuong4/kmeans_before_silhouette.png  used 
on input line 490.
(pdftex.def)             Requested size: 308.71104pt x 192.94264pt.
 [71 <./images/anh_chuong4/kmeans_before_metrics.png> <./images/anh_chuong4/kme
ans_before_elbow.png> <./images/anh_chuong4/kmeans_before_silhouette.png>]
<images/anh_chuong4/kmeans_before_cluster.png, id=902, 578.16pt x 433.62pt>
File: images/anh_chuong4/kmeans_before_cluster.png Graphic file (type png)
<use images/anh_chuong4/kmeans_before_cluster.png>
Package pdftex.def Info: images/anh_chuong4/kmeans_before_cluster.png  used on 
input line 499.
(pdftex.def)             Requested size: 352.8155pt x 264.60706pt.
<images/anh_chuong4/kmeans_before_cluster_count.png, id=904, 578.16pt x 361.35p
t>
File: images/anh_chuong4/kmeans_before_cluster_count.png Graphic file (type png
)
<use images/anh_chuong4/kmeans_before_cluster_count.png>
Package pdftex.def Info: images/anh_chuong4/kmeans_before_cluster_count.png  us
ed on input line 508.
(pdftex.def)             Requested size: 286.65881pt x 179.15826pt.
 [72 <./images/anh_chuong4/kmeans_before_cluster.png>]
<images/anh_chuong4/kmeans_before_cluster_mean.png, id=910, 650.43pt x 361.35pt
>
File: images/anh_chuong4/kmeans_before_cluster_mean.png Graphic file (type png)

<use images/anh_chuong4/kmeans_before_cluster_mean.png>
Package pdftex.def Info: images/anh_chuong4/kmeans_before_cluster_mean.png  use
d on input line 517.
(pdftex.def)             Requested size: 330.76328pt x 183.76225pt.
 [73 <./images/anh_chuong4/kmeans_before_cluster_count.png> <./images/anh_chuon
g4/kmeans_before_cluster_mean.png>]
<images/anh_chuong4/kmeans_after_metrics.png, id=918, 358.33875pt x 224.33812pt
>
File: images/anh_chuong4/kmeans_after_metrics.png Graphic file (type png)
<use images/anh_chuong4/kmeans_after_metrics.png>
Package pdftex.def Info: images/anh_chuong4/kmeans_after_metrics.png  used on i
nput line 535.
(pdftex.def)             Requested size: 264.61331pt x 165.67213pt.
<images/anh_chuong4/kmeans_after_elbow.png, id=919, 505.89pt x 361.35pt>
File: images/anh_chuong4/kmeans_after_elbow.png Graphic file (type png)
<use images/anh_chuong4/kmeans_after_elbow.png>
Package pdftex.def Info: images/anh_chuong4/kmeans_after_elbow.png  used on inp
ut line 542.
(pdftex.def)             Requested size: 308.71104pt x 220.5114pt.
 [74 <./images/anh_chuong4/kmeans_after_metrics.png>]
<images/anh_chuong4/kmeans_after_silhouette.png, id=927, 505.89pt x 361.35pt>
File: images/anh_chuong4/kmeans_after_silhouette.png Graphic file (type png)
<use images/anh_chuong4/kmeans_after_silhouette.png>
Package pdftex.def Info: images/anh_chuong4/kmeans_after_silhouette.png  used o
n input line 549.
(pdftex.def)             Requested size: 308.71104pt x 220.5114pt.
<images/anh_chuong4/kmeans_after_cluster.png, id=930, 578.16pt x 433.62pt>
File: images/anh_chuong4/kmeans_after_cluster.png Graphic file (type png)
<use images/anh_chuong4/kmeans_after_cluster.png>
Package pdftex.def Info: images/anh_chuong4/kmeans_after_cluster.png  used on i
nput line 558.
(pdftex.def)             Requested size: 352.8155pt x 264.60706pt.
 [75 <./images/anh_chuong4/kmeans_after_elbow.png> <./images/anh_chuong4/kmeans
_after_silhouette.png>]
<images/anh_chuong4/kmeans_after_cluster_count.png, id=938, 578.16pt x 361.35pt
>
File: images/anh_chuong4/kmeans_after_cluster_count.png Graphic file (type png)

<use images/anh_chuong4/kmeans_after_cluster_count.png>
Package pdftex.def Info: images/anh_chuong4/kmeans_after_cluster_count.png  use
d on input line 567.
(pdftex.def)             Requested size: 286.65881pt x 179.15826pt.
<images/anh_chuong4/kmeans_after_cluster_mean.png, id=939, 650.43pt x 361.35pt>

File: images/anh_chuong4/kmeans_after_cluster_mean.png Graphic file (type png)
<use images/anh_chuong4/kmeans_after_cluster_mean.png>
Package pdftex.def Info: images/anh_chuong4/kmeans_after_cluster_mean.png  used
 on input line 576.
(pdftex.def)             Requested size: 330.76328pt x 183.76225pt.
 [76 <./images/anh_chuong4/kmeans_after_cluster.png> <./images/anh_chuong4/kmea
ns_after_cluster_count.png>] [77 <./images/anh_chuong4/kmeans_after_cluster_mea
n.png>]) [78]
Ch\uhorn \ohorn ng 5.
(Content/ChĆ°Ćˇng 5.tex [79

] [80]
Underfull \hbox (badness 10000) in paragraph at lines 54--54
[]|\T5/cmr/m/n/10 (+20) Category v  Sub-
 []


Underfull \hbox (badness 5607) in paragraph at lines 60--60
[]|\T5/cmr/m/n/10 (+20) Dashboard v  mć
 []

) [81]
Ch\uhorn \ohorn ng 6.
(Content/ChĆ°Ćˇng 6.tex [82

] [83] [84]) [85]
LaTeX Font Info:    Trying to load font information for T5+cmtt on input line 4
04.

(C:\Users\Admin\AppData\Local\Programs\MiKTeX\tex/latex/vntex\t5cmtt.fd
File: t5cmtt.fd 1999/05/25 v2.5h Standard LaTeX font definitions
)

Package microtype Warning: I cannot find a protrusion list for font
(microtype)                `T5/cmtt/m/n/13'. Switching off
(microtype)                protrusion for this font on input line 404.

[86


]
Underfull \hbox (badness 5939) in paragraph at lines 440--444
\T5/cmr/m/n/13 (+20) Available at: []$\T5/cmtt/m/n/13 https : / / learn . micro
soft . com / en-[]us / power-[]bi /
 []

[87


]
Package minitoc Info: I0009
(minitoc)             Listing minitoc auxiliary files. 
(minitoc)             Creating the main.maf file.
\openout5 = `main.maf'.

Package minitoc(hints) Info: I0053
(minitoc(hints))             You have loaded the float package; 
(minitoc(hints))             please be aware that the minitoc package 
(minitoc(hints))             facilities can not be used for new types 
(minitoc(hints))             of floats defined by the float package.


Package minitoc(hints) Warning: W0024
(minitoc(hints))                Some hints have been written 
(minitoc(hints))                in the main.log file.

[88] (main.aux)
 ***********
LaTeX2e <2025-11-01>
L3 programming layer <2020/03/25>
 ***********
Package rerunfilecheck Info: File `main.out' has not changed.
(rerunfilecheck)             Checksum: AC9A893DF410EF92C866E728A0ABAACA;9036.
 ) 
Here is how much of TeX's memory you used:
 32045 strings out of 467871
 587011 string characters out of 5418376
 997158 words of memory out of 5000000
 59750 multiletter control sequences out of 15000+600000
 668972 words of font info for 270 fonts, out of 8000000 for 9000
 1141 hyphenation exceptions out of 8191
 84i,10n,104p,1383b,706s stack positions out of 10000i,1000n,20000p,200000b,200000s
 <C:\Users\Admin\AppData\Local\MiKTeX\fonts/pk/ljfour/jknappen/ec/dpi650\tcrm
1200.pk><C:/Users/Admin/AppData/Local/Programs/MiKTeX/fonts/type1/public/amsfon
ts/cm/cmex10.pfb><C:/Users/Admin/AppData/Local/Programs/MiKTeX/fonts/type1/publ
ic/amsfonts/cm/cmmi10.pfb><C:/Users/Admin/AppData/Local/Programs/MiKTeX/fonts/t
ype1/public/amsfonts/cm/cmmi12.pfb><C:/Users/Admin/AppData/Local/Programs/MiKTe
X/fonts/type1/public/amsfonts/cm/cmmi6.pfb><C:/Users/Admin/AppData/Local/Progra
ms/MiKTeX/fonts/type1/public/amsfonts/cm/cmmi9.pfb><C:/Users/Admin/AppData/Loca
l/Programs/MiKTeX/fonts/type1/public/amsfonts/cm/cmr10.pfb><C:/Users/Admin/AppD
ata/Local/Programs/MiKTeX/fonts/type1/public/amsfonts/cm/cmr12.pfb><C:/Users/Ad
min/AppData/Local/Programs/MiKTeX/fonts/type1/public/amsfonts/cm/cmr7.pfb><C:/U
sers/Admin/AppData/Local/Programs/MiKTeX/fonts/type1/public/amsfonts/cm/cmr9.pf
b><C:/Users/Admin/AppData/Local/Programs/MiKTeX/fonts/type1/public/amsfonts/cm/
cmsy10.pfb><C:/Users/Admin/AppData/Local/Programs/MiKTeX/fonts/type1/public/ams
fonts/cm/cmsy9.pfb><C:/Users/Admin/AppData/Local/Programs/MiKTeX/fonts/type1/vn
tex/vnr/vnbx10.pfb><C:/Users/Admin/AppData/Local/Programs/MiKTeX/fonts/type1/vn
tex/vnr/vnbx12.pfb><C:/Users/Admin/AppData/Local/Programs/MiKTeX/fonts/type1/vn
tex/vnr/vnr10.pfb><C:/Users/Admin/AppData/Local/Programs/MiKTeX/fonts/type1/vnt
ex/vnr/vnr12.pfb><C:/Users/Admin/AppData/Local/Programs/MiKTeX/fonts/type1/vnte
x/vnr/vnr17.pfb><C:/Users/Admin/AppData/Local/Programs/MiKTeX/fonts/type1/vntex
/vnr/vnti12.pfb><C:/Users/Admin/AppData/Local/Programs/MiKTeX/fonts/type1/vntex
/vnr/vntt12.pfb>
Output written on main.pdf (88 pages, 7298674 bytes).
PDF statistics:
 1176 PDF objects out of 1200 (max. 8388607)
 329 named destinations out of 1000 (max. 500000)
 59906 words of extra memory for PDF output out of 61914 (max. 10000000)

